<?xml version="1.0" encoding="utf-8"?><testsuites name="pytest tests"><testsuite name="pytest" errors="11" failures="39" skipped="19" tests="795" time="7.364" timestamp="2025-09-05T17:28:39.581016-07:00" hostname="Joe-Juneau-L218"><testcase classname="tests.contracts.test_parquet_contracts.TestParquetContracts" name="test_required_columns_exist" time="0.001"><failure message="KeyError: 'actual_columns'">self = &lt;tests.contracts.test_parquet_contracts.TestParquetContracts object at 0x103247560&gt;
artifact_paths = {'group_details_parquet': '/path/to/group_details.parquet', 'group_stats_parquet': '/path/to/group_stats.parquet', 'review_ready_parquet': '/path/to/review_ready.parquet'}

    def test_required_columns_exist(self, artifact_paths):
        """Test that all required columns exist in parquet files."""
        for parquet_type, required in REQUIRED_COLUMNS.items():
            if parquet_type in artifact_paths:
                file_path = artifact_paths[parquet_type]
                result = validate_parquet_schema(file_path, parquet_type)
    
                assert result["valid"], (
                    f"{parquet_type} schema validation failed: {result['error']}\n"
                    f"Required: {required}\n"
&gt;                   f"Actual: {result['actual_columns']}\n"
                               ^^^^^^^^^^^^^^^^^^^^^^^^
                    f"Missing: {result['missing_columns']}"
                )
E               KeyError: 'actual_columns'

tests/contracts/test_parquet_contracts.py:149: KeyError</failure></testcase><testcase classname="tests.contracts.test_parquet_contracts.TestParquetContracts" name="test_schema_consistency" time="0.001"><failure message="AssertionError: Schema validation failed for review_ready_parquet&#10;assert False">self = &lt;tests.contracts.test_parquet_contracts.TestParquetContracts object at 0x106e1bf20&gt;
artifact_paths = {'group_details_parquet': '/path/to/group_details.parquet', 'group_stats_parquet': '/path/to/group_stats.parquet', 'review_ready_parquet': '/path/to/review_ready.parquet'}

    def test_schema_consistency(self, artifact_paths):
        """Test that schemas are consistent across runs."""
        # This test would compare schemas across multiple runs
        # For now, just ensure we can read the schema
        for parquet_type in REQUIRED_COLUMNS:
            if parquet_type in artifact_paths:
                file_path = artifact_paths[parquet_type]
                result = validate_parquet_schema(file_path, parquet_type)
    
&gt;               assert result["valid"], f"Schema validation failed for {parquet_type}"
E               AssertionError: Schema validation failed for review_ready_parquet
E               assert False

tests/contracts/test_parquet_contracts.py:162: AssertionError</failure></testcase><testcase classname="tests.contracts.test_parquet_contracts.TestParquetContracts" name="test_column_types" time="0.001"><failure message="AssertionError: Schema validation failed for review_ready_parquet&#10;assert False">self = &lt;tests.contracts.test_parquet_contracts.TestParquetContracts object at 0x106eb5700&gt;
artifact_paths = {'group_details_parquet': '/path/to/group_details.parquet', 'group_stats_parquet': '/path/to/group_stats.parquet', 'review_ready_parquet': '/path/to/review_ready.parquet'}

    def test_column_types(self, artifact_paths):
        """Test that column types are as expected."""
        expected_types = {
            "group_id": "string",
            "account_name": "string",
            "is_primary": "bool",
            "disposition": "string",
            "group_size": "int64",
            "max_score": "double",
            "primary_name": "string",
            "weakest_edge_to_primary": "double",
        }
    
        for parquet_type in REQUIRED_COLUMNS:
            if parquet_type in artifact_paths:
                file_path = artifact_paths[parquet_type]
                result = validate_parquet_schema(file_path, parquet_type)
    
&gt;               assert result["valid"], f"Schema validation failed for {parquet_type}"
E               AssertionError: Schema validation failed for review_ready_parquet
E               assert False

tests/contracts/test_parquet_contracts.py:183: AssertionError</failure></testcase><testcase classname="tests.contracts.test_parquet_contracts.TestParquetContracts" name="test_no_extra_required_columns" time="0.000"><failure message="AssertionError: Schema validation failed for review_ready_parquet&#10;assert False">self = &lt;tests.contracts.test_parquet_contracts.TestParquetContracts object at 0x106eb4c50&gt;
artifact_paths = {'group_details_parquet': '/path/to/group_details.parquet', 'group_stats_parquet': '/path/to/group_stats.parquet', 'review_ready_parquet': '/path/to/review_ready.parquet'}

    def test_no_extra_required_columns(self, artifact_paths):
        """Test that we don't have unexpected required columns."""
        # This ensures our contract is not too strict
        for parquet_type in REQUIRED_COLUMNS:
            if parquet_type in artifact_paths:
                file_path = artifact_paths[parquet_type]
                result = validate_parquet_schema(file_path, parquet_type)
    
&gt;               assert result["valid"], f"Schema validation failed for {parquet_type}"
E               AssertionError: Schema validation failed for review_ready_parquet
E               assert False

tests/contracts/test_parquet_contracts.py:215: AssertionError</failure></testcase><testcase classname="tests.contracts.test_parquet_contracts.TestParquetContracts" name="test_contract_evolution" time="0.000"><failure message="AssertionError: Schema validation failed for review_ready_parquet&#10;assert False">self = &lt;tests.contracts.test_parquet_contracts.TestParquetContracts object at 0x106eb57c0&gt;
artifact_paths = {'group_details_parquet': '/path/to/group_details.parquet', 'group_stats_parquet': '/path/to/group_stats.parquet', 'review_ready_parquet': '/path/to/review_ready.parquet'}

    def test_contract_evolution(self, artifact_paths):
        """Test that contracts can evolve safely."""
        # This test documents how to safely evolve contracts
        for parquet_type in REQUIRED_COLUMNS:
            if parquet_type in artifact_paths:
                file_path = artifact_paths[parquet_type]
                result = validate_parquet_schema(file_path, parquet_type)
    
&gt;               assert result["valid"], f"Schema validation failed for {parquet_type}"
E               AssertionError: Schema validation failed for review_ready_parquet
E               assert False

tests/contracts/test_parquet_contracts.py:234: AssertionError</failure></testcase><testcase classname="tests.contracts.test_parquet_contracts.TestHardcodedColumnAssumptions" name="test_detect_hardcoded_column_lists" time="0.014" /><testcase classname="tests.contracts.test_parquet_contracts.TestHardcodedColumnAssumptions" name="test_detect_schema_constants_usage" time="0.002"><failure message="Failed: Potential hardcoded column list in /Users/joe.j/Documents/dev/salesforce/apps/company_junction/src/utils/group_details.py:98&#10;Line: return [GROUP_ID, ACCOUNT_NAME, DISPOSITION]&#10;Consider using a schema constant instead.">self = &lt;tests.contracts.test_parquet_contracts.TestHardcodedColumnAssumptions object at 0x106eb5970&gt;

    def test_detect_schema_constants_usage(self):
        """Test that schema constants are used consistently."""
        # Check that DETAILS_COLUMNS and similar constants are defined and used
        src_dir = Path(__file__).parent.parent.parent / "src"
        utils_dir = src_dir / "utils"
    
        schema_files = []
        for py_file in utils_dir.rglob("*.py"):
            try:
                with open(py_file) as f:
                    content = f.read()
    
                # Look for column constant definitions
                if "DETAILS_COLUMNS" in content or "GROUP_STATS_COLUMNS" in content:
                    schema_files.append(py_file)
    
            except Exception:
                continue
    
        # Ensure we have schema constant definitions
        assert len(schema_files) &gt; 0, "No schema constant definitions found in utils/"
    
        # Check that constants are used consistently
        for schema_file in schema_files:
            try:
                with open(schema_file) as f:
                    content = f.read()
    
                # Look for hardcoded column lists that should use constants
                if (
                    "[" in content
                    and "GROUP_ID" in content
                    and "ACCOUNT_NAME" in content
                ):
                    # This is a potential hardcoded list - check if it's in a constant definition
                    lines = content.split("\n")
                    for i, line in enumerate(lines):
                        if (
                            "[" in line
                            and "GROUP_ID" in line
                            and "ACCOUNT_NAME" in line
                        ):
                            # Check if this line defines a constant
                            if "=" in line and (
                                "DETAILS_COLUMNS" in line
                                or "GROUP_STATS_COLUMNS" in line
                            ):
                                continue  # This is a constant definition, which is OK
&gt;                           pytest.fail(
                                f"Potential hardcoded column list in {schema_file}:{i+1}\n"
                                f"Line: {line.strip()}\n"
                                f"Consider using a schema constant instead.",
                            )
E                           Failed: Potential hardcoded column list in /Users/joe.j/Documents/dev/salesforce/apps/company_junction/src/utils/group_details.py:98
E                           Line: return [GROUP_ID, ACCOUNT_NAME, DISPOSITION]
E                           Consider using a schema constant instead.

tests/contracts/test_parquet_contracts.py:343: Failed</failure></testcase><testcase classname="tests.contracts.test_parquet_contracts.TestHardcodedColumnAssumptions" name="test_schema_constants_match_contracts" time="0.000" /><testcase classname="tests.contracts.test_parquet_contracts.TestContractEvolution" name="test_add_optional_column" time="0.000" /><testcase classname="tests.contracts.test_parquet_contracts.TestContractEvolution" name="test_remove_optional_column" time="0.000" /><testcase classname="tests.contracts.test_parquet_contracts.TestContractEvolution" name="test_rename_column_breaking" time="0.000" /><testcase classname="tests.contracts.test_parquet_contracts.TestContractEvolution" name="test_change_column_type_breaking" time="0.000" /><testcase classname="tests.contracts.test_parquet_contracts.TestLegacyColumnHandling" name="test_duckdb_handles_missing_legacy_columns" time="0.012" /><testcase classname="tests.contracts.test_parquet_contracts.TestLegacyColumnHandling" name="test_pyarrow_handles_missing_legacy_columns" time="0.003" /><testcase classname="tests.contracts.test_parquet_contracts.TestLegacyColumnHandling" name="test_duckdb_handles_present_legacy_columns" time="0.006"><failure message="AssertionError: assert 2 == 3&#10; +  where 2 = len([('group1', 'acc1', 'Company A', 'INC', '2023-01-01', 'Keep', ...), ('group2', 'acc2', 'Company B', 'LLC', '2023-01-02', 'Update', ...)])">self = &lt;tests.contracts.test_parquet_contracts.TestLegacyColumnHandling object at 0x106eb6450&gt;
sample_data_with_legacy_columns = pyarrow.Table
group_id: string
account_id: string
account_name: string
suffix_class: string
created_date: string
dispo...
disposition: [["Keep","Update","Delete"]]
is_primary: [[true,false,false]]
weakest_edge_to_primary: [[0.95,0.85,0.75]]

    def test_duckdb_handles_present_legacy_columns(
        self,
        sample_data_with_legacy_columns,
    ):
        """Test that DuckDB backend works with present legacy columns."""
        with tempfile.NamedTemporaryFile(suffix=".parquet", delete=False) as tmp_file:
            pq.write_table(sample_data_with_legacy_columns, tmp_file.name)
    
            try:
                import duckdb
    
                conn = duckdb.connect()
    
                # Test filtering by min_edge_strength (should work with legacy columns)
                result = conn.execute(
                    f"""
                    SELECT * FROM read_parquet('{tmp_file.name}')
                    WHERE weakest_edge_to_primary &gt;= 0.8
                """,
                ).fetchall()
&gt;               assert len(result) == 3
E               AssertionError: assert 2 == 3
E                +  where 2 = len([('group1', 'acc1', 'Company A', 'INC', '2023-01-01', 'Keep', ...), ('group2', 'acc2', 'Company B', 'LLC', '2023-01-02', 'Update', ...)])

tests/contracts/test_parquet_contracts.py:526: AssertionError</failure></testcase><testcase classname="tests.contracts.test_parquet_contracts.TestLegacyColumnHandling" name="test_pyarrow_handles_present_legacy_columns" time="0.003"><failure message="assert 2 == 3&#10; +  where 2 = pyarrow.Table\ngroup_id: string\naccount_id: string\naccount_name: string\nsuffix_class: string\ncreated_date: string\ndispo...1-01&quot;,&quot;2023-01-02&quot;]]\ndisposition: [[&quot;Keep&quot;,&quot;Update&quot;]]\nis_primary: [[true,false]]\nweakest_edge_to_primary: [[0.95,0.85]].num_rows">self = &lt;tests.contracts.test_parquet_contracts.TestLegacyColumnHandling object at 0x106eb6630&gt;
sample_data_with_legacy_columns = pyarrow.Table
group_id: string
account_id: string
account_name: string
suffix_class: string
created_date: string
dispo...
disposition: [["Keep","Update","Delete"]]
is_primary: [[true,false,false]]
weakest_edge_to_primary: [[0.95,0.85,0.75]]

    def test_pyarrow_handles_present_legacy_columns(
        self,
        sample_data_with_legacy_columns,
    ):
        """Test that PyArrow backend works with present legacy columns."""
        with tempfile.NamedTemporaryFile(suffix=".parquet", delete=False) as tmp_file:
            pq.write_table(sample_data_with_legacy_columns, tmp_file.name)
    
            try:
                table = pq.read_table(tmp_file.name)
                assert table.num_rows == 3
    
                # Test filtering by min_edge_strength (should work with legacy columns)
                filtered = table.filter(
                    pa.compute.greater_equal(
                        table["weakest_edge_to_primary"],
                        pa.scalar(0.8),
                    ),
                )
&gt;               assert filtered.num_rows == 3
E               assert 2 == 3
E                +  where 2 = pyarrow.Table\ngroup_id: string\naccount_id: string\naccount_name: string\nsuffix_class: string\ncreated_date: string\ndispo...1-01","2023-01-02"]]\ndisposition: [["Keep","Update"]]\nis_primary: [[true,false]]\nweakest_edge_to_primary: [[0.95,0.85]].num_rows

tests/contracts/test_parquet_contracts.py:561: AssertionError</failure></testcase><testcase classname="tests.contracts.test_parquet_contracts.TestLegacyColumnHandling" name="test_conditional_filtering_skips_missing_columns" time="0.002" /><testcase classname="tests.contracts.test_parquet_contracts.TestLegacyColumnHandling" name="test_conditional_filtering_works_with_present_columns" time="0.002"><failure message="TypeError: Got unexpected argument type &lt;class 'pyarrow._compute.Expression'&gt; for compute function">self = &lt;tests.contracts.test_parquet_contracts.TestLegacyColumnHandling object at 0x106eb67b0&gt;
sample_data_with_legacy_columns = pyarrow.Table
group_id: string
account_id: string
account_name: string
suffix_class: string
created_date: string
dispo...
disposition: [["Keep","Update","Delete"]]
is_primary: [[true,false,false]]
weakest_edge_to_primary: [[0.95,0.85,0.75]]

    def test_conditional_filtering_works_with_present_columns(
        self,
        sample_data_with_legacy_columns,
    ):
        """Test that conditional filtering works when columns are present."""
        with tempfile.NamedTemporaryFile(suffix=".parquet", delete=False) as tmp_file:
            pq.write_table(sample_data_with_legacy_columns, tmp_file.name)
    
            try:
                # Test the conditional filtering logic
                from src.utils.filtering import apply_filters_pyarrow
    
                # Get available columns
                table = pq.read_table(tmp_file.name)
                available_columns = table.column_names
    
                # Test filtering with min_edge_strength (should work with legacy columns)
                filters = {"min_edge_strength": 0.8}
&gt;               filtered = apply_filters_pyarrow(table, filters, available_columns)
                           ^^^^^^^^^^^^^^^^^^^^^^^^^^^^^^^^^^^^^^^^^^^^^^^^^^^^^^^^

tests/contracts/test_parquet_contracts.py:616: 
_ _ _ _ _ _ _ _ _ _ _ _ _ _ _ _ _ _ _ _ _ _ _ _ _ _ _ _ _ _ _ _ _ _ _ _ _ _ _ _ 
src/utils/filtering.py:157: in apply_filters_pyarrow
    es_mask = pc.greater_equal(
/Users/joe.j/.pyenv/versions/3.12.2/lib/python3.12/site-packages/pyarrow/compute.py:252: in wrapper
    return func.call(args, None, memory_pool)
           ^^^^^^^^^^^^^^^^^^^^^^^^^^^^^^^^^^
pyarrow/_compute.pyx:386: in pyarrow._compute.Function.call
    ???
_ _ _ _ _ _ _ _ _ _ _ _ _ _ _ _ _ _ _ _ _ _ _ _ _ _ _ _ _ _ _ _ _ _ _ _ _ _ _ _ 

&gt;   ???
E   TypeError: Got unexpected argument type &lt;class 'pyarrow._compute.Expression'&gt; for compute function

pyarrow/_compute.pyx:519: TypeError</failure></testcase><testcase classname="tests.lints.test_no_schema_fragile_hardcoding.TestNoSchemaFragileHardcoding" name="test_no_hardcoded_primary_name_in_details_context" time="0.058"><failure message="Failed: Found 2 hardcoded primary_name references in details context:&#10;app/components/group_details.py:67 - primary_name,&#10;app/components/group_details.py:79 - primary_name,&#10;&#10;Use get_order_by(sort_key, context='group_details') or build_sort_expression(sort_key, context='group_details') instead.">self = &lt;tests.lints.test_no_schema_fragile_hardcoding.TestNoSchemaFragileHardcoding object at 0x106eb6b70&gt;

    def test_no_hardcoded_primary_name_in_details_context(self):
        """Test that group_details context doesn't use hardcoded primary_name."""
        project_root = Path(__file__).parent.parent.parent
        details_files = [
            project_root / "src" / "utils" / "group_details.py",
            project_root / "app" / "components" / "group_details.py",
        ]
    
        violations = []
    
        for file_path in details_files:
            if not file_path.exists():
                continue
    
            references = self.find_fragile_references(file_path)
            for line_num, line_content in references:
                # Check for hardcoded primary_name usage that should use context-aware functions
                if (
                    "primary_name" in line_content.lower()
                    and "context" not in line_content
                ):
                    violations.append(
                        f"{file_path.relative_to(project_root)}:{line_num} - {line_content}",
                    )
    
        if violations:
&gt;           pytest.fail(
                f"Found {len(violations)} hardcoded primary_name references in details context:\n"
                + "\n".join(violations)
                + "\n\nUse get_order_by(sort_key, context='group_details') or build_sort_expression(sort_key, context='group_details') instead.",
            )
E           Failed: Found 2 hardcoded primary_name references in details context:
E           app/components/group_details.py:67 - primary_name,
E           app/components/group_details.py:79 - primary_name,
E           
E           Use get_order_by(sort_key, context='group_details') or build_sort_expression(sort_key, context='group_details') instead.

tests/lints/test_no_schema_fragile_hardcoding.py:164: Failed</failure></testcase><testcase classname="tests.lints.test_no_schema_fragile_hardcoding.TestNoSchemaFragileHardcoding" name="test_no_hardcoded_weakest_edge_without_availability_check" time="0.215"><failure message="Failed: Found 10 WEAKEST_EDGE_TO_PRIMARY references without availability checks:&#10;src/utils/filtering.py:17 - WEAKEST_EDGE_TO_PRIMARY,&#10;src/utils/filtering.py:158 - table[WEAKEST_EDGE_TO_PRIMARY],&#10;src/utils/group_details.py:43 - WEAKEST_EDGE_TO_PRIMARY,&#10;src/utils/group_details.py:125 - where_sql.append(WEAKEST_EDGE_TO_PRIMARY + &quot; &gt;= ?&quot;)&#10;src/utils/group_pagination.py:28 - WEAKEST_EDGE_TO_PRIMARY,&#10;src/utils/group_pagination.py:603 - WEAKEST_EDGE_TO_PRIMARY,&#10;src/utils/group_pagination.py:614 - stats_select += f&quot;, MAX({WEAKEST_EDGE_TO_PRIMARY}) AS {MAX_SCORE}&quot;&#10;app/components/group_details.py:19 - WEAKEST_EDGE_TO_PRIMARY,&#10;app/components/group_details.py:280 - WEAKEST_EDGE_TO_PRIMARY,&#10;app/components/group_details.py:330 - WEAKEST_EDGE_TO_PRIMARY: st.column_config.NumberColumn(&#10;&#10;Use conditional filtering with available_columns or context-aware functions.">self = &lt;tests.lints.test_no_schema_fragile_hardcoding.TestNoSchemaFragileHardcoding object at 0x106eb6d20&gt;

    def test_no_hardcoded_weakest_edge_without_availability_check(self):
        """Test that WEAKEST_EDGE_TO_PRIMARY is not used without availability checks."""
        project_root = Path(__file__).parent.parent.parent
        search_dirs = ["src/utils", "app/components"]
    
        violations = []
    
        for dir_name in search_dirs:
            dir_path = project_root / dir_name
            if not dir_path.exists():
                continue
    
            for file_path in dir_path.rglob("*.py"):
                if self.should_exclude_file(file_path):
                    continue
    
                references = self.find_fragile_references(file_path)
                for line_num, line_content in references:
                    # Check for WEAKEST_EDGE_TO_PRIMARY usage without availability checks
                    if "WEAKEST_EDGE_TO_PRIMARY" in line_content:
                        if not any(
                            pattern in line_content
                            for pattern in [
                                "available_columns",
                                "in.*available_columns",
                                "is.*None.*or",
                                "context=",
                                "get_order_by",
                                "build_sort_expression",
                                "_build_where_clause",
                                "apply_filters_pyarrow",
                            ]
                        ):
                            violations.append(
                                f"{file_path.relative_to(project_root)}:{line_num} - {line_content}",
                            )
    
        if violations:
&gt;           pytest.fail(
                f"Found {len(violations)} WEAKEST_EDGE_TO_PRIMARY references without availability checks:\n"
                + "\n".join(violations)
                + "\n\nUse conditional filtering with available_columns or context-aware functions.",
            )
E           Failed: Found 10 WEAKEST_EDGE_TO_PRIMARY references without availability checks:
E           src/utils/filtering.py:17 - WEAKEST_EDGE_TO_PRIMARY,
E           src/utils/filtering.py:158 - table[WEAKEST_EDGE_TO_PRIMARY],
E           src/utils/group_details.py:43 - WEAKEST_EDGE_TO_PRIMARY,
E           src/utils/group_details.py:125 - where_sql.append(WEAKEST_EDGE_TO_PRIMARY + " &gt;= ?")
E           src/utils/group_pagination.py:28 - WEAKEST_EDGE_TO_PRIMARY,
E           src/utils/group_pagination.py:603 - WEAKEST_EDGE_TO_PRIMARY,
E           src/utils/group_pagination.py:614 - stats_select += f", MAX({WEAKEST_EDGE_TO_PRIMARY}) AS {MAX_SCORE}"
E           app/components/group_details.py:19 - WEAKEST_EDGE_TO_PRIMARY,
E           app/components/group_details.py:280 - WEAKEST_EDGE_TO_PRIMARY,
E           app/components/group_details.py:330 - WEAKEST_EDGE_TO_PRIMARY: st.column_config.NumberColumn(
E           
E           Use conditional filtering with available_columns or context-aware functions.

tests/lints/test_no_schema_fragile_hardcoding.py:208: Failed</failure></testcase><testcase classname="tests.lints.test_no_schema_fragile_hardcoding.TestNoSchemaFragileHardcoding" name="test_no_hardcoded_is_primary_without_availability_check" time="0.218"><failure message="Failed: Found 7 IS_PRIMARY references without availability checks:&#10;src/utils/group_details.py:41 - IS_PRIMARY,&#10;src/utils/group_pagination.py:25 - IS_PRIMARY,&#10;src/utils/group_pagination.py:602 - IS_PRIMARY,&#10;src/utils/group_pagination.py:620 - primary_name_select = f&quot;any_value({ACCOUNT_NAME}) FILTER (WHERE {IS_PRIMARY}) AS {PRIMARY_NAME}&quot;&#10;app/components/group_details.py:17 - IS_PRIMARY,&#10;app/components/group_details.py:279 - IS_PRIMARY,&#10;app/components/group_details.py:326 - IS_PRIMARY: st.column_config.CheckboxColumn(&#10;&#10;Use conditional filtering with available_columns or context-aware functions.">self = &lt;tests.lints.test_no_schema_fragile_hardcoding.TestNoSchemaFragileHardcoding object at 0x106eb6ea0&gt;

    def test_no_hardcoded_is_primary_without_availability_check(self):
        """Test that IS_PRIMARY is not used without availability checks."""
        project_root = Path(__file__).parent.parent.parent
        search_dirs = ["src/utils", "app/components"]
    
        violations = []
    
        for dir_name in search_dirs:
            dir_path = project_root / dir_name
            if not dir_path.exists():
                continue
    
            for file_path in dir_path.rglob("*.py"):
                if self.should_exclude_file(file_path):
                    continue
    
                references = self.find_fragile_references(file_path)
                for line_num, line_content in references:
                    # Check for IS_PRIMARY usage without availability checks
                    if "IS_PRIMARY" in line_content:
                        if not any(
                            pattern in line_content
                            for pattern in [
                                "available_columns",
                                "in.*available_columns",
                                r"in.*group_data\.columns",
                                "context=",
                                "get_order_by",
                                "build_sort_expression",
                                "_build_where_clause",
                                "apply_filters_pyarrow",
                                r"\.get\(",
                                "if.*IS_PRIMARY.*in",
                            ]
                        ):
                            violations.append(
                                f"{file_path.relative_to(project_root)}:{line_num} - {line_content}",
                            )
    
        if violations:
&gt;           pytest.fail(
                f"Found {len(violations)} IS_PRIMARY references without availability checks:\n"
                + "\n".join(violations)
                + "\n\nUse conditional filtering with available_columns or context-aware functions.",
            )
E           Failed: Found 7 IS_PRIMARY references without availability checks:
E           src/utils/group_details.py:41 - IS_PRIMARY,
E           src/utils/group_pagination.py:25 - IS_PRIMARY,
E           src/utils/group_pagination.py:602 - IS_PRIMARY,
E           src/utils/group_pagination.py:620 - primary_name_select = f"any_value({ACCOUNT_NAME}) FILTER (WHERE {IS_PRIMARY}) AS {PRIMARY_NAME}"
E           app/components/group_details.py:17 - IS_PRIMARY,
E           app/components/group_details.py:279 - IS_PRIMARY,
E           app/components/group_details.py:326 - IS_PRIMARY: st.column_config.CheckboxColumn(
E           
E           Use conditional filtering with available_columns or context-aware functions.

tests/lints/test_no_schema_fragile_hardcoding.py:254: Failed</failure></testcase><testcase classname="tests.lints.test_no_schema_fragile_hardcoding.TestNoSchemaFragileHardcoding" name="test_context_aware_functions_used_correctly" time="0.000" /><testcase classname="tests.lints.test_no_ui_helpers_import" name="test_no_ui_helpers_import" time="0.037" /><testcase classname="tests.lints.test_no_ui_helpers_import" name="test_ui_helpers_deprecation_warning" time="0.002" /><testcase classname="tests.lints.test_no_ui_helpers_import" name="test_ui_helpers_functions_still_work" time="0.000" /><testcase classname="tests.lints.test_no_ui_helpers_import" name="test_ui_helpers_file_is_gone" time="0.000" /><testcase classname="tests.perf.test_groups_bench.TestGroupsPageBenchmarks" name="test_groups_page_10k_pyarrow" time="0.001"><error message="failed on setup with &quot;file /Users/joe.j/Documents/dev/salesforce/apps/company_junction/tests/perf/test_groups_bench.py, line 218&#10;      @pytest.mark.performance&#10;      def test_groups_page_10k_pyarrow(self, benchmark, synthetic_10k_paths, monkeypatch):&#10;E       fixture 'benchmark' not found&#10;&gt;       available fixtures: cache, capfd, capfdbinary, caplog, capsys, capsysbinary, capteesys, class_mocker, cov, doctest_namespace, mocker, module_mocker, monkeypatch, no_cover, package_mocker, pytestconfig, record_property, record_testsuite_property, record_xml_attribute, recwarn, session_mocker, synthetic_100k_data, synthetic_100k_paths, synthetic_10k_data, synthetic_10k_paths, synthetic_1m_data, synthetic_1m_paths, tmp_path, tmp_path_factory, tmpdir, tmpdir_factory&#10;&gt;       use 'pytest --fixtures [testpath]' for help on them.&#10;&#10;/Users/joe.j/Documents/dev/salesforce/apps/company_junction/tests/perf/test_groups_bench.py:218&quot;">file /Users/joe.j/Documents/dev/salesforce/apps/company_junction/tests/perf/test_groups_bench.py, line 218
      @pytest.mark.performance
      def test_groups_page_10k_pyarrow(self, benchmark, synthetic_10k_paths, monkeypatch):
E       fixture 'benchmark' not found
&gt;       available fixtures: cache, capfd, capfdbinary, caplog, capsys, capsysbinary, capteesys, class_mocker, cov, doctest_namespace, mocker, module_mocker, monkeypatch, no_cover, package_mocker, pytestconfig, record_property, record_testsuite_property, record_xml_attribute, recwarn, session_mocker, synthetic_100k_data, synthetic_100k_paths, synthetic_10k_data, synthetic_10k_paths, synthetic_1m_data, synthetic_1m_paths, tmp_path, tmp_path_factory, tmpdir, tmpdir_factory
&gt;       use 'pytest --fixtures [testpath]' for help on them.

/Users/joe.j/Documents/dev/salesforce/apps/company_junction/tests/perf/test_groups_bench.py:218</error></testcase><testcase classname="tests.perf.test_groups_bench.TestGroupsPageBenchmarks" name="test_groups_page_10k_duckdb" time="0.000"><error message="failed on setup with &quot;file /Users/joe.j/Documents/dev/salesforce/apps/company_junction/tests/perf/test_groups_bench.py, line 245&#10;      @pytest.mark.performance&#10;      def test_groups_page_10k_duckdb(self, benchmark, synthetic_10k_paths, monkeypatch):&#10;E       fixture 'benchmark' not found&#10;&gt;       available fixtures: cache, capfd, capfdbinary, caplog, capsys, capsysbinary, capteesys, class_mocker, cov, doctest_namespace, mocker, module_mocker, monkeypatch, no_cover, package_mocker, pytestconfig, record_property, record_testsuite_property, record_xml_attribute, recwarn, session_mocker, synthetic_100k_data, synthetic_100k_paths, synthetic_10k_data, synthetic_10k_paths, synthetic_1m_data, synthetic_1m_paths, tmp_path, tmp_path_factory, tmpdir, tmpdir_factory&#10;&gt;       use 'pytest --fixtures [testpath]' for help on them.&#10;&#10;/Users/joe.j/Documents/dev/salesforce/apps/company_junction/tests/perf/test_groups_bench.py:245&quot;">file /Users/joe.j/Documents/dev/salesforce/apps/company_junction/tests/perf/test_groups_bench.py, line 245
      @pytest.mark.performance
      def test_groups_page_10k_duckdb(self, benchmark, synthetic_10k_paths, monkeypatch):
E       fixture 'benchmark' not found
&gt;       available fixtures: cache, capfd, capfdbinary, caplog, capsys, capsysbinary, capteesys, class_mocker, cov, doctest_namespace, mocker, module_mocker, monkeypatch, no_cover, package_mocker, pytestconfig, record_property, record_testsuite_property, record_xml_attribute, recwarn, session_mocker, synthetic_100k_data, synthetic_100k_paths, synthetic_10k_data, synthetic_10k_paths, synthetic_1m_data, synthetic_1m_paths, tmp_path, tmp_path_factory, tmpdir, tmpdir_factory
&gt;       use 'pytest --fixtures [testpath]' for help on them.

/Users/joe.j/Documents/dev/salesforce/apps/company_junction/tests/perf/test_groups_bench.py:245</error></testcase><testcase classname="tests.perf.test_groups_bench.TestGroupsPageBenchmarks" name="test_groups_page_100k_pyarrow" time="0.000"><error message="failed on setup with &quot;file /Users/joe.j/Documents/dev/salesforce/apps/company_junction/tests/perf/test_groups_bench.py, line 273&#10;      @pytest.mark.performance&#10;      def test_groups_page_100k_pyarrow(&#10;E       fixture 'benchmark' not found&#10;&gt;       available fixtures: cache, capfd, capfdbinary, caplog, capsys, capsysbinary, capteesys, class_mocker, cov, doctest_namespace, mocker, module_mocker, monkeypatch, no_cover, package_mocker, pytestconfig, record_property, record_testsuite_property, record_xml_attribute, recwarn, session_mocker, synthetic_100k_data, synthetic_100k_paths, synthetic_10k_data, synthetic_10k_paths, synthetic_1m_data, synthetic_1m_paths, tmp_path, tmp_path_factory, tmpdir, tmpdir_factory&#10;&gt;       use 'pytest --fixtures [testpath]' for help on them.&#10;&#10;/Users/joe.j/Documents/dev/salesforce/apps/company_junction/tests/perf/test_groups_bench.py:273&quot;">file /Users/joe.j/Documents/dev/salesforce/apps/company_junction/tests/perf/test_groups_bench.py, line 273
      @pytest.mark.performance
      def test_groups_page_100k_pyarrow(
E       fixture 'benchmark' not found
&gt;       available fixtures: cache, capfd, capfdbinary, caplog, capsys, capsysbinary, capteesys, class_mocker, cov, doctest_namespace, mocker, module_mocker, monkeypatch, no_cover, package_mocker, pytestconfig, record_property, record_testsuite_property, record_xml_attribute, recwarn, session_mocker, synthetic_100k_data, synthetic_100k_paths, synthetic_10k_data, synthetic_10k_paths, synthetic_1m_data, synthetic_1m_paths, tmp_path, tmp_path_factory, tmpdir, tmpdir_factory
&gt;       use 'pytest --fixtures [testpath]' for help on them.

/Users/joe.j/Documents/dev/salesforce/apps/company_junction/tests/perf/test_groups_bench.py:273</error></testcase><testcase classname="tests.perf.test_groups_bench.TestGroupsPageBenchmarks" name="test_groups_page_100k_duckdb" time="0.000"><error message="failed on setup with &quot;file /Users/joe.j/Documents/dev/salesforce/apps/company_junction/tests/perf/test_groups_bench.py, line 305&#10;      @pytest.mark.performance&#10;      def test_groups_page_100k_duckdb(&#10;E       fixture 'benchmark' not found&#10;&gt;       available fixtures: cache, capfd, capfdbinary, caplog, capsys, capsysbinary, capteesys, class_mocker, cov, doctest_namespace, mocker, module_mocker, monkeypatch, no_cover, package_mocker, pytestconfig, record_property, record_testsuite_property, record_xml_attribute, recwarn, session_mocker, synthetic_100k_data, synthetic_100k_paths, synthetic_10k_data, synthetic_10k_paths, synthetic_1m_data, synthetic_1m_paths, tmp_path, tmp_path_factory, tmpdir, tmpdir_factory&#10;&gt;       use 'pytest --fixtures [testpath]' for help on them.&#10;&#10;/Users/joe.j/Documents/dev/salesforce/apps/company_junction/tests/perf/test_groups_bench.py:305&quot;">file /Users/joe.j/Documents/dev/salesforce/apps/company_junction/tests/perf/test_groups_bench.py, line 305
      @pytest.mark.performance
      def test_groups_page_100k_duckdb(
E       fixture 'benchmark' not found
&gt;       available fixtures: cache, capfd, capfdbinary, caplog, capsys, capsysbinary, capteesys, class_mocker, cov, doctest_namespace, mocker, module_mocker, monkeypatch, no_cover, package_mocker, pytestconfig, record_property, record_testsuite_property, record_xml_attribute, recwarn, session_mocker, synthetic_100k_data, synthetic_100k_paths, synthetic_10k_data, synthetic_10k_paths, synthetic_1m_data, synthetic_1m_paths, tmp_path, tmp_path_factory, tmpdir, tmpdir_factory
&gt;       use 'pytest --fixtures [testpath]' for help on them.

/Users/joe.j/Documents/dev/salesforce/apps/company_junction/tests/perf/test_groups_bench.py:305</error></testcase><testcase classname="tests.perf.test_groups_bench.TestGroupsPageBenchmarks" name="test_groups_page_1m_pyarrow" time="0.000"><error message="failed on setup with &quot;file /Users/joe.j/Documents/dev/salesforce/apps/company_junction/tests/perf/test_groups_bench.py, line 337&#10;      @pytest.mark.performance&#10;      @pytest.mark.slow&#10;      def test_groups_page_1m_pyarrow(self, benchmark, synthetic_1m_paths, monkeypatch):&#10;E       fixture 'benchmark' not found&#10;&gt;       available fixtures: cache, capfd, capfdbinary, caplog, capsys, capsysbinary, capteesys, class_mocker, cov, doctest_namespace, mocker, module_mocker, monkeypatch, no_cover, package_mocker, pytestconfig, record_property, record_testsuite_property, record_xml_attribute, recwarn, session_mocker, synthetic_100k_data, synthetic_100k_paths, synthetic_10k_data, synthetic_10k_paths, synthetic_1m_data, synthetic_1m_paths, tmp_path, tmp_path_factory, tmpdir, tmpdir_factory&#10;&gt;       use 'pytest --fixtures [testpath]' for help on them.&#10;&#10;/Users/joe.j/Documents/dev/salesforce/apps/company_junction/tests/perf/test_groups_bench.py:337&quot;">file /Users/joe.j/Documents/dev/salesforce/apps/company_junction/tests/perf/test_groups_bench.py, line 337
      @pytest.mark.performance
      @pytest.mark.slow
      def test_groups_page_1m_pyarrow(self, benchmark, synthetic_1m_paths, monkeypatch):
E       fixture 'benchmark' not found
&gt;       available fixtures: cache, capfd, capfdbinary, caplog, capsys, capsysbinary, capteesys, class_mocker, cov, doctest_namespace, mocker, module_mocker, monkeypatch, no_cover, package_mocker, pytestconfig, record_property, record_testsuite_property, record_xml_attribute, recwarn, session_mocker, synthetic_100k_data, synthetic_100k_paths, synthetic_10k_data, synthetic_10k_paths, synthetic_1m_data, synthetic_1m_paths, tmp_path, tmp_path_factory, tmpdir, tmpdir_factory
&gt;       use 'pytest --fixtures [testpath]' for help on them.

/Users/joe.j/Documents/dev/salesforce/apps/company_junction/tests/perf/test_groups_bench.py:337</error></testcase><testcase classname="tests.perf.test_groups_bench.TestGroupsPageBenchmarks" name="test_groups_page_1m_duckdb" time="0.000"><error message="failed on setup with &quot;file /Users/joe.j/Documents/dev/salesforce/apps/company_junction/tests/perf/test_groups_bench.py, line 365&#10;      @pytest.mark.performance&#10;      @pytest.mark.slow&#10;      def test_groups_page_1m_duckdb(self, benchmark, synthetic_1m_paths, monkeypatch):&#10;E       fixture 'benchmark' not found&#10;&gt;       available fixtures: cache, capfd, capfdbinary, caplog, capsys, capsysbinary, capteesys, class_mocker, cov, doctest_namespace, mocker, module_mocker, monkeypatch, no_cover, package_mocker, pytestconfig, record_property, record_testsuite_property, record_xml_attribute, recwarn, session_mocker, synthetic_100k_data, synthetic_100k_paths, synthetic_10k_data, synthetic_10k_paths, synthetic_1m_data, synthetic_1m_paths, tmp_path, tmp_path_factory, tmpdir, tmpdir_factory&#10;&gt;       use 'pytest --fixtures [testpath]' for help on them.&#10;&#10;/Users/joe.j/Documents/dev/salesforce/apps/company_junction/tests/perf/test_groups_bench.py:365&quot;">file /Users/joe.j/Documents/dev/salesforce/apps/company_junction/tests/perf/test_groups_bench.py, line 365
      @pytest.mark.performance
      @pytest.mark.slow
      def test_groups_page_1m_duckdb(self, benchmark, synthetic_1m_paths, monkeypatch):
E       fixture 'benchmark' not found
&gt;       available fixtures: cache, capfd, capfdbinary, caplog, capsys, capsysbinary, capteesys, class_mocker, cov, doctest_namespace, mocker, module_mocker, monkeypatch, no_cover, package_mocker, pytestconfig, record_property, record_testsuite_property, record_xml_attribute, recwarn, session_mocker, synthetic_100k_data, synthetic_100k_paths, synthetic_10k_data, synthetic_10k_paths, synthetic_1m_data, synthetic_1m_paths, tmp_path, tmp_path_factory, tmpdir, tmpdir_factory
&gt;       use 'pytest --fixtures [testpath]' for help on them.

/Users/joe.j/Documents/dev/salesforce/apps/company_junction/tests/perf/test_groups_bench.py:365</error></testcase><testcase classname="tests.perf.test_groups_bench.TestGroupDetailsBenchmarks" name="test_group_details_10k_pyarrow" time="0.003"><error message="failed on setup with &quot;file /Users/joe.j/Documents/dev/salesforce/apps/company_junction/tests/perf/test_groups_bench.py, line 397&#10;      @pytest.mark.performance&#10;      def test_group_details_10k_pyarrow(&#10;E       fixture 'benchmark' not found&#10;&gt;       available fixtures: cache, capfd, capfdbinary, caplog, capsys, capsysbinary, capteesys, class_mocker, cov, doctest_namespace, mocker, module_mocker, monkeypatch, no_cover, package_mocker, pytestconfig, record_property, record_testsuite_property, record_xml_attribute, recwarn, session_mocker, synthetic_100k_data, synthetic_100k_paths, synthetic_10k_data, synthetic_10k_paths, synthetic_1m_data, synthetic_1m_paths, tmp_path, tmp_path_factory, tmpdir, tmpdir_factory&#10;&gt;       use 'pytest --fixtures [testpath]' for help on them.&#10;&#10;/Users/joe.j/Documents/dev/salesforce/apps/company_junction/tests/perf/test_groups_bench.py:397&quot;">file /Users/joe.j/Documents/dev/salesforce/apps/company_junction/tests/perf/test_groups_bench.py, line 397
      @pytest.mark.performance
      def test_group_details_10k_pyarrow(
E       fixture 'benchmark' not found
&gt;       available fixtures: cache, capfd, capfdbinary, caplog, capsys, capsysbinary, capteesys, class_mocker, cov, doctest_namespace, mocker, module_mocker, monkeypatch, no_cover, package_mocker, pytestconfig, record_property, record_testsuite_property, record_xml_attribute, recwarn, session_mocker, synthetic_100k_data, synthetic_100k_paths, synthetic_10k_data, synthetic_10k_paths, synthetic_1m_data, synthetic_1m_paths, tmp_path, tmp_path_factory, tmpdir, tmpdir_factory
&gt;       use 'pytest --fixtures [testpath]' for help on them.

/Users/joe.j/Documents/dev/salesforce/apps/company_junction/tests/perf/test_groups_bench.py:397</error></testcase><testcase classname="tests.perf.test_groups_bench.TestGroupDetailsBenchmarks" name="test_group_details_10k_duckdb" time="0.000"><error message="failed on setup with &quot;file /Users/joe.j/Documents/dev/salesforce/apps/company_junction/tests/perf/test_groups_bench.py, line 430&#10;      @pytest.mark.performance&#10;      def test_group_details_10k_duckdb(&#10;E       fixture 'benchmark' not found&#10;&gt;       available fixtures: cache, capfd, capfdbinary, caplog, capsys, capsysbinary, capteesys, class_mocker, cov, doctest_namespace, mocker, module_mocker, monkeypatch, no_cover, package_mocker, pytestconfig, record_property, record_testsuite_property, record_xml_attribute, recwarn, session_mocker, synthetic_100k_data, synthetic_100k_paths, synthetic_10k_data, synthetic_10k_paths, synthetic_1m_data, synthetic_1m_paths, tmp_path, tmp_path_factory, tmpdir, tmpdir_factory&#10;&gt;       use 'pytest --fixtures [testpath]' for help on them.&#10;&#10;/Users/joe.j/Documents/dev/salesforce/apps/company_junction/tests/perf/test_groups_bench.py:430&quot;">file /Users/joe.j/Documents/dev/salesforce/apps/company_junction/tests/perf/test_groups_bench.py, line 430
      @pytest.mark.performance
      def test_group_details_10k_duckdb(
E       fixture 'benchmark' not found
&gt;       available fixtures: cache, capfd, capfdbinary, caplog, capsys, capsysbinary, capteesys, class_mocker, cov, doctest_namespace, mocker, module_mocker, monkeypatch, no_cover, package_mocker, pytestconfig, record_property, record_testsuite_property, record_xml_attribute, recwarn, session_mocker, synthetic_100k_data, synthetic_100k_paths, synthetic_10k_data, synthetic_10k_paths, synthetic_1m_data, synthetic_1m_paths, tmp_path, tmp_path_factory, tmpdir, tmpdir_factory
&gt;       use 'pytest --fixtures [testpath]' for help on them.

/Users/joe.j/Documents/dev/salesforce/apps/company_junction/tests/perf/test_groups_bench.py:430</error></testcase><testcase classname="tests.perf.test_groups_bench.TestSortVariants" name="test_sort_variants_10k" time="0.000"><error message="failed on setup with &quot;file /Users/joe.j/Documents/dev/salesforce/apps/company_junction/tests/perf/test_groups_bench.py, line 467&#10;      @pytest.mark.performance&#10;      def test_sort_variants_10k(self, benchmark, synthetic_10k_paths, monkeypatch):&#10;E       fixture 'benchmark' not found&#10;&gt;       available fixtures: cache, capfd, capfdbinary, caplog, capsys, capsysbinary, capteesys, class_mocker, cov, doctest_namespace, mocker, module_mocker, monkeypatch, no_cover, package_mocker, pytestconfig, record_property, record_testsuite_property, record_xml_attribute, recwarn, session_mocker, synthetic_100k_data, synthetic_100k_paths, synthetic_10k_data, synthetic_10k_paths, synthetic_1m_data, synthetic_1m_paths, tmp_path, tmp_path_factory, tmpdir, tmpdir_factory&#10;&gt;       use 'pytest --fixtures [testpath]' for help on them.&#10;&#10;/Users/joe.j/Documents/dev/salesforce/apps/company_junction/tests/perf/test_groups_bench.py:467&quot;">file /Users/joe.j/Documents/dev/salesforce/apps/company_junction/tests/perf/test_groups_bench.py, line 467
      @pytest.mark.performance
      def test_sort_variants_10k(self, benchmark, synthetic_10k_paths, monkeypatch):
E       fixture 'benchmark' not found
&gt;       available fixtures: cache, capfd, capfdbinary, caplog, capsys, capsysbinary, capteesys, class_mocker, cov, doctest_namespace, mocker, module_mocker, monkeypatch, no_cover, package_mocker, pytestconfig, record_property, record_testsuite_property, record_xml_attribute, recwarn, session_mocker, synthetic_100k_data, synthetic_100k_paths, synthetic_10k_data, synthetic_10k_paths, synthetic_1m_data, synthetic_1m_paths, tmp_path, tmp_path_factory, tmpdir, tmpdir_factory
&gt;       use 'pytest --fixtures [testpath]' for help on them.

/Users/joe.j/Documents/dev/salesforce/apps/company_junction/tests/perf/test_groups_bench.py:467</error></testcase><testcase classname="tests.perf.test_groups_bench.TestFilterVariants" name="test_filter_variants_10k" time="0.000"><error message="failed on setup with &quot;file /Users/joe.j/Documents/dev/salesforce/apps/company_junction/tests/perf/test_groups_bench.py, line 503&#10;      @pytest.mark.performance&#10;      def test_filter_variants_10k(self, benchmark, synthetic_10k_paths, monkeypatch):&#10;E       fixture 'benchmark' not found&#10;&gt;       available fixtures: cache, capfd, capfdbinary, caplog, capsys, capsysbinary, capteesys, class_mocker, cov, doctest_namespace, mocker, module_mocker, monkeypatch, no_cover, package_mocker, pytestconfig, record_property, record_testsuite_property, record_xml_attribute, recwarn, session_mocker, synthetic_100k_data, synthetic_100k_paths, synthetic_10k_data, synthetic_10k_paths, synthetic_1m_data, synthetic_1m_paths, tmp_path, tmp_path_factory, tmpdir, tmpdir_factory&#10;&gt;       use 'pytest --fixtures [testpath]' for help on them.&#10;&#10;/Users/joe.j/Documents/dev/salesforce/apps/company_junction/tests/perf/test_groups_bench.py:503&quot;">file /Users/joe.j/Documents/dev/salesforce/apps/company_junction/tests/perf/test_groups_bench.py, line 503
      @pytest.mark.performance
      def test_filter_variants_10k(self, benchmark, synthetic_10k_paths, monkeypatch):
E       fixture 'benchmark' not found
&gt;       available fixtures: cache, capfd, capfdbinary, caplog, capsys, capsysbinary, capteesys, class_mocker, cov, doctest_namespace, mocker, module_mocker, monkeypatch, no_cover, package_mocker, pytestconfig, record_property, record_testsuite_property, record_xml_attribute, recwarn, session_mocker, synthetic_100k_data, synthetic_100k_paths, synthetic_10k_data, synthetic_10k_paths, synthetic_1m_data, synthetic_1m_paths, tmp_path, tmp_path_factory, tmpdir, tmpdir_factory
&gt;       use 'pytest --fixtures [testpath]' for help on them.

/Users/joe.j/Documents/dev/salesforce/apps/company_junction/tests/perf/test_groups_bench.py:503</error></testcase><testcase classname="tests.test_alias_equivalence" name="test_alias_equivalence_optimized_vs_legacy" time="0.015" /><testcase classname="tests.test_alias_equivalence" name="test_alias_equivalence_edge_cases" time="0.004" /><testcase classname="tests.test_alias_equivalence" name="test_alias_equivalence_mismatched_sources" time="0.006" /><testcase classname="tests.test_alias_equivalence" name="test_alias_equivalence_sequential_fallback" time="0.004" /><testcase classname="tests.test_alias_matching.TestAliasMatching" name="test_compute_alias_matches" time="0.004" /><testcase classname="tests.test_alias_matching_parallelism.TestAliasMatchingParallelism" name="test_parallel_executor_integration" time="0.005"><failure message="AssertionError: Expected 'should_use_parallel' to have been called once. Called 2 times.&#10;Calls: [call(5), call(5)].&#10;&#10;pytest introspection follows:&#10;&#10;Args:&#10;assert (5,) == ()&#10;  &#10;  Left contains one more item: 5&#10;  Use -v to get more diff">self = &lt;Mock name='mock.should_use_parallel' id='4840473712'&gt;

    def assert_called_once(self):
        """assert that the mock was called only once.
        """
        if not self.call_count == 1:
            msg = ("Expected '%s' to have been called once. Called %s times.%s"
                   % (self._mock_name or 'mock',
                      self.call_count,
                      self._calls_repr()))
&gt;           raise AssertionError(msg)
E           AssertionError: Expected 'should_use_parallel' to have been called once. Called 2 times.
E           Calls: [call(5), call(5)].

/Users/joe.j/.pyenv/versions/3.12.2/lib/python3.12/unittest/mock.py:923: AssertionError

During handling of the above exception, another exception occurred:

self = &lt;tests.test_alias_matching_parallelism.TestAliasMatchingParallelism object at 0x120348920&gt;

    def test_parallel_executor_integration(self):
        """Test that ParallelExecutor is properly integrated."""
        # Create a mock ParallelExecutor
        mock_executor = Mock(spec=ParallelExecutor)
        mock_executor.should_use_parallel.side_effect = lambda x: True
        mock_executor.workers = 2
        mock_executor.execute_chunked.return_value = [
            [
                {
                    "record_id": 100,
                    "alias_text": "Acme Corp",
                    "match_record_id": 101,
                    "match_group_id": "G1",
                    "score": 95,
                    "suffix_match": True,
                },
            ],
            [
                {
                    "record_id": 101,
                    "alias_text": "Acme Corp",
                    "match_record_id": 100,
                    "match_group_id": "G1",
                    "score": 95,
                    "suffix_match": True,
                },
            ],
        ]
    
        # Call compute_alias_matches with ParallelExecutor
        result_df, stats = compute_alias_matches(
            self.df_norm,
            self.df_groups,
            self.settings,
            parallel_executor=mock_executor,
        )
    
        # Verify ParallelExecutor was used
&gt;       mock_executor.should_use_parallel.assert_called_once()
E       AssertionError: Expected 'should_use_parallel' to have been called once. Called 2 times.
E       Calls: [call(5), call(5)].
E       
E       pytest introspection follows:
E       
E       Args:
E       assert (5,) == ()
E         
E         Left contains one more item: 5
E         Use -v to get more diff

tests/test_alias_matching_parallelism.py:107: AssertionError</failure></testcase><testcase classname="tests.test_alias_matching_parallelism.TestAliasMatchingParallelism" name="test_sequential_fallback_when_parallel_disabled" time="0.004" /><testcase classname="tests.test_alias_matching_parallelism.TestAliasMatchingParallelism" name="test_no_parallel_executor_fallback" time="0.005" /><testcase classname="tests.test_alias_matching_parallelism.TestAliasMatchingParallelism" name="test_first_token_bucket_consistency" time="0.001" /><testcase classname="tests.test_alias_matching_parallelism.TestAliasMatchingParallelism" name="test_process_one_record_optimized" time="0.001" /><testcase classname="tests.test_alias_matching_parallelism.TestAliasMatchingParallelism" name="test_parallel_executor_chunking_consistency" time="0.004" /><testcase classname="tests.test_alias_matching_parallelism.TestAliasMatchingParallelism" name="test_settings_integration" time="0.006" /><testcase classname="tests.test_alias_matching_parallelism.TestAliasMatchingParallelism" name="test_error_handling_in_parallel_execution" time="0.004" /><testcase classname="tests.test_alias_matching_parallelism.TestAliasMatchingParallelism" name="test_deterministic_output_ordering" time="0.006" /><testcase classname="tests.test_alias_progress_logger" name="test_progress_logging_appears" time="0.007" /><testcase classname="tests.test_alias_progress_logger" name="test_progress_logging_rate_limited" time="0.004" /><testcase classname="tests.test_alias_progress_logger" name="test_progress_logging_disabled_when_sequential" time="0.005" /><testcase classname="tests.test_alias_progress_logger" name="test_progress_logging_disabled_when_optimize_false" time="0.005" /><testcase classname="tests.test_alias_validation" name="test_alias_equivalence_on_fixture" time="0.009" /><testcase classname="tests.test_alias_validation" name="test_alias_determinism_on_fixture" time="0.009" /><testcase classname="tests.test_alias_validation" name="test_edge_case_mismatched_sources" time="0.003" /><testcase classname="tests.test_alias_validation" name="test_large_bucket_warning[fast]" time="0.000"><skipped type="pytest.skip" message="TODO: Phase 1.26.1 - Temporarily skipped for QA efficiency, will re-enable after Phase 1.25.1">/Users/joe.j/Documents/dev/salesforce/apps/company_junction/tests/test_alias_validation.py:182: TODO: Phase 1.26.1 - Temporarily skipped for QA efficiency, will re-enable after Phase 1.25.1</skipped></testcase><testcase classname="tests.test_alias_validation" name="test_large_bucket_warning[slow]" time="0.000"><skipped type="pytest.skip" message="TODO: Phase 1.26.1 - Temporarily skipped for QA efficiency, will re-enable after Phase 1.25.1">/Users/joe.j/Documents/dev/salesforce/apps/company_junction/tests/test_alias_validation.py:182: TODO: Phase 1.26.1 - Temporarily skipped for QA efficiency, will re-enable after Phase 1.25.1</skipped></testcase><testcase classname="tests.test_brand_suggestions.TestBrandSuggestions" name="test_generate_brand_suggestions_basic" time="0.001" /><testcase classname="tests.test_brand_suggestions.TestBrandSuggestions" name="test_generate_brand_suggestions_exclude_configured_tokens" time="0.000" /><testcase classname="tests.test_brand_suggestions.TestBrandSuggestions" name="test_generate_brand_suggestions_minimum_criteria" time="0.000" /><testcase classname="tests.test_brand_suggestions.TestBrandSuggestions" name="test_generate_brand_suggestions_empty_inputs" time="0.001" /><testcase classname="tests.test_brand_suggestions.TestBrandSuggestions" name="test_generate_brand_suggestions_confidence_calculation" time="0.000" /><testcase classname="tests.test_cache_keys.TestFingerprint" name="test_fingerprint_missing_file" time="0.000" /><testcase classname="tests.test_cache_keys.TestFingerprint" name="test_fingerprint_existing_file" time="0.001" /><testcase classname="tests.test_cache_keys.TestFingerprint" name="test_fingerprint_os_error" time="0.000" /><testcase classname="tests.test_cache_keys.TestCacheKey" name="test_cache_key_creation" time="0.000" /><testcase classname="tests.test_cache_keys.TestCacheKey" name="test_cache_key_compute" time="0.000" /><testcase classname="tests.test_cache_keys.TestCacheKey" name="test_cache_key_validate_valid" time="0.000" /><testcase classname="tests.test_cache_keys.TestCacheKey" name="test_cache_key_validate_invalid" time="0.000" /><testcase classname="tests.test_cache_keys.TestBuildCacheKey" name="test_build_cache_key_basic" time="0.001" /><testcase classname="tests.test_cache_keys.TestBuildCacheKey" name="test_build_cache_key_with_filters" time="0.000" /><testcase classname="tests.test_cache_keys.TestBuildCacheKey" name="test_build_cache_key_parity" time="0.001" /><testcase classname="tests.test_cache_keys.TestBuildDetailsCacheKey" name="test_build_details_cache_key_basic" time="0.000" /><testcase classname="tests.test_cache_keys" name="test_in_clause_helper" time="0.000" /><testcase classname="tests.test_cache_keys" name="test_settings_defaults_parity" time="0.002" /><testcase classname="tests.test_cache_keys" name="test_deterministic_pagination" time="0.031" /><testcase classname="tests.test_cache_keys" name="test_logger_identity_parity" time="0.000" /><testcase classname="tests.test_cache_keys" name="test_stats_path_no_aliasing" time="0.001" /><testcase classname="tests.test_cache_keys" name="test_stats_path_with_filters" time="0.005" /><testcase classname="tests.test_cache_keys" name="test_pyarrow_details_group_id_filtering" time="0.008" /><testcase classname="tests.test_cache_keys" name="test_config_validation_edge_cases" time="0.000" /><testcase classname="tests.test_cache_keys" name="test_force_backend_flags" time="0.002" /><testcase classname="tests.test_cache_keys" name="test_force_backend_flags_precedence" time="0.001" /><testcase classname="tests.test_cache_keys" name="test_force_backend_flags_precedence_details" time="0.001" /><testcase classname="tests.test_cache_keys" name="test_pyarrow_projection_safety" time="0.002" /><testcase classname="tests.test_cache_keys" name="test_stats_path_threads_cap" time="0.001" /><testcase classname="tests.test_cache_utils" name="test_latest_pointer_operations" time="0.000"><error message="failed on setup with &quot;file /Users/joe.j/Documents/dev/salesforce/apps/company_junction/tests/test_cache_utils.py, line 154&#10;  def test_latest_pointer_operations(sample_runs, cache_utils_workspace):&#10;file /Users/joe.j/Documents/dev/salesforce/apps/company_junction/tests/test_cache_utils.py, line 22&#10;  @pytest.fixture&#10;  def sample_runs(cache_utils_workspace):&#10;E       fixture 'cache_utils_workspace' not found&#10;&gt;       available fixtures: cache, capfd, capfdbinary, caplog, capsys, capsysbinary, capteesys, class_mocker, cov, doctest_namespace, failed_runs, mocker, module_mocker, monkeypatch, no_cover, package_mocker, pytestconfig, record_property, record_testsuite_property, record_xml_attribute, recwarn, sample_runs, session_mocker, tmp_path, tmp_path_factory, tmpdir, tmpdir_factory&#10;&gt;       use 'pytest --fixtures [testpath]' for help on them.&#10;&#10;/Users/joe.j/Documents/dev/salesforce/apps/company_junction/tests/test_cache_utils.py:22&quot;">file /Users/joe.j/Documents/dev/salesforce/apps/company_junction/tests/test_cache_utils.py, line 154
  def test_latest_pointer_operations(sample_runs, cache_utils_workspace):
file /Users/joe.j/Documents/dev/salesforce/apps/company_junction/tests/test_cache_utils.py, line 22
  @pytest.fixture
  def sample_runs(cache_utils_workspace):
E       fixture 'cache_utils_workspace' not found
&gt;       available fixtures: cache, capfd, capfdbinary, caplog, capsys, capsysbinary, capteesys, class_mocker, cov, doctest_namespace, failed_runs, mocker, module_mocker, monkeypatch, no_cover, package_mocker, pytestconfig, record_property, record_testsuite_property, record_xml_attribute, recwarn, sample_runs, session_mocker, tmp_path, tmp_path_factory, tmpdir, tmpdir_factory
&gt;       use 'pytest --fixtures [testpath]' for help on them.

/Users/joe.j/Documents/dev/salesforce/apps/company_junction/tests/test_cache_utils.py:22</error></testcase><testcase classname="tests.test_cache_utils" name="test_prune_old_runs" time="0.000"><skipped type="pytest.skip" message="TODO: Phase 1.26.1 - Update cache utils tests for new path utilities">/Users/joe.j/Documents/dev/salesforce/apps/company_junction/tests/test_cache_utils.py:176: TODO: Phase 1.26.1 - Update cache utils tests for new path utilities</skipped></testcase><testcase classname="tests.test_cache_utils" name="test_cleanup_failed_runs" time="0.000"><skipped type="pytest.skip" message="TODO: Phase 1.26.1 - Update cache utils tests for new path utilities">/Users/joe.j/Documents/dev/salesforce/apps/company_junction/tests/test_cache_utils.py:198: TODO: Phase 1.26.1 - Update cache utils tests for new path utilities</skipped></testcase><testcase classname="tests.test_cache_utils" name="test_preview_delete_runs" time="0.000"><skipped type="pytest.skip" message="TODO: Phase 1.26.1 - Update cache utils tests for new path utilities">/Users/joe.j/Documents/dev/salesforce/apps/company_junction/tests/test_cache_utils.py:220: TODO: Phase 1.26.1 - Update cache utils tests for new path utilities</skipped></testcase><testcase classname="tests.test_cache_utils" name="test_delete_runs" time="0.000"><skipped type="pytest.skip" message="TODO: Phase 1.26.1 - Update cache utils tests for new path utilities">/Users/joe.j/Documents/dev/salesforce/apps/company_junction/tests/test_cache_utils.py:240: TODO: Phase 1.26.1 - Update cache utils tests for new path utilities</skipped></testcase><testcase classname="tests.test_cache_utils" name="test_recompute_latest_pointer" time="0.000"><skipped type="pytest.skip" message="TODO: Phase 1.26.1 - Update cache utils tests for new path utilities">/Users/joe.j/Documents/dev/salesforce/apps/company_junction/tests/test_cache_utils.py:264: TODO: Phase 1.26.1 - Update cache utils tests for new path utilities</skipped></testcase><testcase classname="tests.test_cache_utils" name="test_remove_latest_pointer" time="0.000"><skipped type="pytest.skip" message="TODO: Phase 1.26.1 - Update cache utils tests for new path utilities">/Users/joe.j/Documents/dev/salesforce/apps/company_junction/tests/test_cache_utils.py:287: TODO: Phase 1.26.1 - Update cache utils tests for new path utilities</skipped></testcase><testcase classname="tests.test_cache_utils" name="test_get_next_latest_run" time="0.000"><skipped type="pytest.skip" message="TODO: Phase 1.26.1 - Update cache utils tests for new path utilities">/Users/joe.j/Documents/dev/salesforce/apps/company_junction/tests/test_cache_utils.py:308: TODO: Phase 1.26.1 - Update cache utils tests for new path utilities</skipped></testcase><testcase classname="tests.test_cache_utils" name="test_recompute_latest_pointer_empty" time="0.000"><skipped type="pytest.skip" message="TODO: Phase 1.26.1 - Update cache utils tests for new path utilities">/Users/joe.j/Documents/dev/salesforce/apps/company_junction/tests/test_cache_utils.py:329: TODO: Phase 1.26.1 - Update cache utils tests for new path utilities</skipped></testcase><testcase classname="tests.test_cache_utils" name="test_delete_runs_with_stuck_running_status" time="0.000"><skipped type="pytest.skip" message="TODO: Phase 1.26.1 - Update cache utils tests for new path utilities">/Users/joe.j/Documents/dev/salesforce/apps/company_junction/tests/test_cache_utils.py:342: TODO: Phase 1.26.1 - Update cache utils tests for new path utilities</skipped></testcase><testcase classname="tests.test_cache_utils" name="test_delete_all_runs_scenarios" time="0.000"><skipped type="pytest.skip" message="TODO: Phase 1.26.1 - Update cache utils tests for new path utilities">/Users/joe.j/Documents/dev/salesforce/apps/company_junction/tests/test_cache_utils.py:369: TODO: Phase 1.26.1 - Update cache utils tests for new path utilities</skipped></testcase><testcase classname="tests.test_changelog_dates" name="test_changelog_date_format" time="0.005" /><testcase classname="tests.test_changelog_dates" name="test_changelog_date_consistency" time="0.002" /><testcase classname="tests.test_changelog_dates" name="test_phase_number_format" time="0.002" /><testcase classname="tests.test_cleaning.TestCleaning" name="test_enhanced_filtering_removes_problematic_records" time="0.036" /><testcase classname="tests.test_cleaning.TestCleaning" name="test_invalid_file_format" time="0.001" /><testcase classname="tests.test_cleaning.TestCleaning" name="test_load_salesforce_data_csv" time="0.005" /><testcase classname="tests.test_cleaning.TestCleaning" name="test_performance_logging_context_manager" time="0.012" /><testcase classname="tests.test_cleaning.TestCleaning" name="test_validate_required_columns" time="0.001"><failure message="ValueError: Missing required name column: account_name">self = &lt;tests.test_cleaning.TestCleaning testMethod=test_validate_required_columns&gt;

    def test_validate_required_columns(self) -&gt; None:
        """Test column validation logic."""
        # Test with all required columns
&gt;       self.assertTrue(validate_required_columns(self.sample_data))
                        ^^^^^^^^^^^^^^^^^^^^^^^^^^^^^^^^^^^^^^^^^^^

tests/test_cleaning.py:78: 
_ _ _ _ _ _ _ _ _ _ _ _ _ _ _ _ _ _ _ _ _ _ _ _ _ _ _ _ _ _ _ _ _ _ _ _ _ _ _ _ 

df =   Account ID    Account Name         Relationship Created Date
0        001       Acme Corp  Other/Miscellaneous   202...   003  Tech Solutions  Other/Miscellaneous   2021-01-03
3        004  Tech Solutions  Other/Miscellaneous   2021-01-04

    def validate_required_columns(df: pd.DataFrame) -&gt; bool:
        """Validate that required columns are present.
    
        Args:
            df: DataFrame to validate
    
        Returns:
            True if validation passes
    
        Raises:
            ValueError: If required columns are missing
    
        """
        # Use canonical column names since DataFrame has been renamed
        # Only check for columns that are actually mapped and renamed
        required_columns = [ACCOUNT_ID, ACCOUNT_NAME, CREATED_DATE]
    
        # Check for Account Name (required)
        if ACCOUNT_NAME not in df.columns:
&gt;           raise ValueError(f"Missing required name column: {ACCOUNT_NAME}")
E           ValueError: Missing required name column: account_name

src/cleaning.py:322: ValueError</failure></testcase><testcase classname="tests.test_cleanup.TestCleanupPlan" name="test_init" time="0.000" /><testcase classname="tests.test_cleanup.TestCleanupPlan" name="test_add_candidate" time="0.000" /><testcase classname="tests.test_cleanup.TestCleanupPlan" name="test_is_protected" time="0.000" /><testcase classname="tests.test_cleanup.TestCleanupPlan" name="test_get_protected_candidates" time="0.000" /><testcase classname="tests.test_cleanup.TestCleanupPlan" name="test_get_deletable_candidates" time="0.000" /><testcase classname="tests.test_cleanup.TestCleanupPlan" name="test_sort_candidates" time="0.000" /><testcase classname="tests.test_cleanup.TestRunTypeDetection" name="test_detect_test_run" time="0.000" /><testcase classname="tests.test_cleanup.TestRunTypeDetection" name="test_detect_dev_run" time="0.000" /><testcase classname="tests.test_cleanup.TestRunTypeDetection" name="test_detect_run_type_edge_cases" time="0.000" /><testcase classname="tests.test_cleanup.TestAgeCalculation" name="test_get_run_age_days_valid" time="0.000" /><testcase classname="tests.test_cleanup.TestAgeCalculation" name="test_get_run_age_days_invalid" time="0.000" /><testcase classname="tests.test_cleanup.TestCandidateDiscovery" name="test_discover_candidates_type_filter" time="0.001" /><testcase classname="tests.test_cleanup.TestCandidateDiscovery" name="test_discover_candidates_age_filter" time="0.000" /><testcase classname="tests.test_cleanup.TestCandidateDiscovery" name="test_discover_candidates_prod_sweep" time="0.001" /><testcase classname="tests.test_cleanup.TestCandidateDiscovery" name="test_discover_candidates_combined_filters" time="0.000" /><testcase classname="tests.test_cleanup.TestCandidateDiscovery" name="test_discover_candidates_deterministic" time="0.000" /><testcase classname="tests.test_cleanup.TestLatestSymlink" name="test_get_latest_run_id_valid" time="0.001" /><testcase classname="tests.test_cleanup.TestLatestSymlink" name="test_get_latest_run_id_not_exists" time="0.001" /><testcase classname="tests.test_cleanup.TestLatestSymlink" name="test_get_latest_run_id_not_symlink" time="0.001" /><testcase classname="tests.test_cleanup.TestLatestSymlink" name="test_get_latest_run_id_broken_symlink" time="0.001" /><testcase classname="tests.test_cleanup.TestIntegration" name="test_full_discovery_flow" time="0.001" /><testcase classname="tests.test_cleanup_empty_state.TestEmptyStatePathUtils" name="test_write_latest_pointer_none" time="0.002" /><testcase classname="tests.test_cleanup_empty_state.TestEmptyStatePathUtils" name="test_write_latest_pointer_with_run_id" time="0.002" /><testcase classname="tests.test_cleanup_empty_state.TestEmptyStatePathUtils" name="test_read_latest_run_id_none" time="0.001" /><testcase classname="tests.test_cleanup_empty_state.TestEmptyStatePathUtils" name="test_read_latest_run_id_valid" time="0.001" /><testcase classname="tests.test_cleanup_empty_state.TestEmptyStatePathUtils" name="test_read_latest_run_id_missing_file" time="0.000" /><testcase classname="tests.test_cleanup_empty_state.TestEmptyStatePathUtils" name="test_read_latest_run_id_invalid_json" time="0.001" /><testcase classname="tests.test_cleanup_empty_state.TestEmptyStateMiniDAG" name="test_resume_with_no_latest" time="0.001" /><testcase classname="tests.test_cleanup_empty_state.TestEmptyStateMiniDAG" name="test_get_smart_resume_stage_no_latest" time="0.001" /><testcase classname="tests.test_cleanup_empty_state.TestEmptyStateMiniDAG" name="test_validate_resume_capability_empty_state" time="0.001" /><testcase classname="tests.test_cleanup_empty_state.TestEmptyStateCleanup" name="test_cleanup_allow_empty_flag" time="0.001" /><testcase classname="tests.test_cleanup_empty_state.TestEmptyStateCleanup" name="test_cleanup_keep_at_least_config" time="0.001" /><testcase classname="tests.test_cleanup_empty_state.TestEmptyStateIntegration" name="test_empty_state_workflow" time="0.002" /><testcase classname="tests.test_cleanup_empty_state.TestEmptyStateIntegration" name="test_empty_state_symlink_handling" time="0.001" /><testcase classname="tests.test_cleanup_empty_state.TestEmptyStateIntegration" name="test_empty_state_error_handling" time="0.001" /><testcase classname="tests.test_cleanup_keep_at_least_guard" name="test_cleanup_keep_at_least_guard_logic" time="0.000" /><testcase classname="tests.test_cleanup_keep_at_least_guard" name="test_cleanup_keep_at_least_default_behavior" time="0.000" /><testcase classname="tests.test_cleanup_keep_at_least_guard" name="test_cleanup_keep_at_least_override_behavior" time="0.000" /><testcase classname="tests.test_cleanup_reconcile.TestCleanupReconcile" name="test_list_run_dirs_excludes_known_dirs" time="0.005" /><testcase classname="tests.test_cleanup_reconcile.TestCleanupReconcile" name="test_scan_filesystem_runs_combines_directories" time="0.001" /><testcase classname="tests.test_cleanup_reconcile.TestCleanupReconcile" name="test_discover_candidates_without_reconcile" time="0.000" /><testcase classname="tests.test_cleanup_reconcile.TestCleanupReconcile" name="test_discover_candidates_with_reconcile" time="0.000" /><testcase classname="tests.test_cleanup_reconcile.TestCleanupReconcile" name="test_orphan_directory_detected_in_dry_run" time="0.002" /><testcase classname="tests.test_cleanup_reconcile.TestCleanupReconcile" name="test_stale_index_detected" time="0.001" /><testcase classname="tests.test_cleanup_reconcile.TestCleanupReconcile" name="test_dry_run_flag_explicit" time="0.001" /><testcase classname="tests.test_cleanup_reconcile.TestCleanupReconcile" name="test_dry_run_vs_really_delete" time="0.000" /><testcase classname="tests.test_cleanup_reconcile.TestCleanupReconcile" name="test_reconcile_with_empty_index" time="0.001" /><testcase classname="tests.test_cleanup_reconcile.TestCleanupReconcile" name="test_json_output_with_reconcile" time="0.000" /><testcase classname="tests.test_cleanup_reconcile.TestCleanupReconcileIntegration" name="test_full_reconciliation_workflow" time="0.000" /><testcase classname="tests.test_cli_builder.TestGetAvailableInputFiles" name="test_get_available_input_files_empty_dir" time="0.001" /><testcase classname="tests.test_cli_builder.TestGetAvailableInputFiles" name="test_get_available_input_files_with_files" time="0.001" /><testcase classname="tests.test_cli_builder.TestGetAvailableConfigFiles" name="test_get_available_config_files_empty_dir" time="0.001" /><testcase classname="tests.test_cli_builder.TestGetAvailableConfigFiles" name="test_get_available_config_files_with_files" time="0.001" /><testcase classname="tests.test_cli_builder.TestValidateCliArgs" name="test_validate_cli_args_valid" time="0.001" /><testcase classname="tests.test_cli_builder.TestValidateCliArgs" name="test_validate_cli_args_missing_input" time="0.000" /><testcase classname="tests.test_cli_builder.TestValidateCliArgs" name="test_validate_cli_args_missing_config" time="0.000" /><testcase classname="tests.test_cli_builder.TestValidateCliArgs" name="test_validate_cli_args_nonexistent_input" time="0.001" /><testcase classname="tests.test_cli_builder.TestValidateCliArgs" name="test_validate_cli_args_nonexistent_config" time="0.001" /><testcase classname="tests.test_cli_builder.TestValidateCliArgs" name="test_validate_cli_args_invalid_workers_with_no_parallel" time="0.001" /><testcase classname="tests.test_cli_builder.TestValidateCliArgs" name="test_validate_cli_args_invalid_workers_value" time="0.001" /><testcase classname="tests.test_cli_builder.TestValidateCliArgs" name="test_validate_cli_args_invalid_backend" time="0.001" /><testcase classname="tests.test_cli_builder.TestValidateCliArgs" name="test_validate_cli_args_invalid_chunk_size" time="0.001" /><testcase classname="tests.test_cli_builder.TestValidateCliArgs" name="test_validate_cli_args_invalid_keep_runs" time="0.001" /><testcase classname="tests.test_cli_builder.TestValidateCliArgs" name="test_validate_cli_args_empty_run_id" time="0.001" /><testcase classname="tests.test_cli_builder.TestBuildCliCommand" name="test_build_cli_command_basic" time="0.001"><failure message="AssertionError: assert 'python src/c...settings.yaml' == 'python src/c...settings.yaml'&#10;  &#10;  Skipping 41 identical leading characters in diff, use -v to show&#10;  - est.csv --outdir data/processed --config config/settings.yaml&#10;  ?        ------------------------&#10;  + est.csv --config config/settings.yaml">self = &lt;tests.test_cli_builder.TestBuildCliCommand object at 0x12046cf80&gt;

    def test_build_cli_command_basic(self) -&gt; None:
        """Test basic command building."""
        cmd = build_cli_command(
            input_file="test.csv",
            config="settings.yaml",
        )
        expected = "python src/cleaning.py --input data/raw/test.csv --outdir data/processed --config config/settings.yaml"
&gt;       assert cmd == expected
E       AssertionError: assert 'python src/c...settings.yaml' == 'python src/c...settings.yaml'
E         
E         Skipping 41 identical leading characters in diff, use -v to show
E         - est.csv --outdir data/processed --config config/settings.yaml
E         ?        ------------------------
E         + est.csv --config config/settings.yaml

tests/test_cli_builder.py:207: AssertionError</failure></testcase><testcase classname="tests.test_cli_builder.TestBuildCliCommand" name="test_build_cli_command_with_parallelism" time="0.001"><failure message="AssertionError: assert 'python src/c...unk-size 1000' == 'python src/c...unk-size 1000'&#10;  &#10;  Skipping 41 identical leading characters in diff, use -v to show&#10;  - est.csv --outdir data/processed --config config/settings.yaml --workers 4 --parallel-backend threading --chunk-size 1000&#10;  ?        ------------------------&#10;  + est.csv --config config/settings.yaml --workers 4 --parallel-backend threading --chunk-size 1000">self = &lt;tests.test_cli_builder.TestBuildCliCommand object at 0x12046ca10&gt;

    def test_build_cli_command_with_parallelism(self) -&gt; None:
        """Test command with parallelism flags."""
        cmd = build_cli_command(
            input_file="test.csv",
            config="settings.yaml",
            workers=4,
            parallel_backend="threading",
            chunk_size=1000,
        )
        expected = "python src/cleaning.py --input data/raw/test.csv --outdir data/processed --config config/settings.yaml --workers 4 --parallel-backend threading --chunk-size 1000"
&gt;       assert cmd == expected
E       AssertionError: assert 'python src/c...unk-size 1000' == 'python src/c...unk-size 1000'
E         
E         Skipping 41 identical leading characters in diff, use -v to show
E         - est.csv --outdir data/processed --config config/settings.yaml --workers 4 --parallel-backend threading --chunk-size 1000
E         ?        ------------------------
E         + est.csv --config config/settings.yaml --workers 4 --parallel-backend threading --chunk-size 1000

tests/test_cli_builder.py:219: AssertionError</failure></testcase><testcase classname="tests.test_cli_builder.TestBuildCliCommand" name="test_build_cli_command_no_parallel" time="0.001"><failure message="AssertionError: assert 'python src/c...--no-parallel' == 'python src/c...--no-parallel'&#10;  &#10;  Skipping 41 identical leading characters in diff, use -v to show&#10;  - est.csv --outdir data/processed --config config/settings.yaml --no-parallel&#10;  ?        ------------------------&#10;  + est.csv --config config/settings.yaml --no-parallel">self = &lt;tests.test_cli_builder.TestBuildCliCommand object at 0x12046c7d0&gt;

    def test_build_cli_command_no_parallel(self) -&gt; None:
        """Test command with no-parallel flag."""
        cmd = build_cli_command(
            input_file="test.csv",
            config="settings.yaml",
            no_parallel=True,
        )
        expected = "python src/cleaning.py --input data/raw/test.csv --outdir data/processed --config config/settings.yaml --no-parallel"
&gt;       assert cmd == expected
E       AssertionError: assert 'python src/c...--no-parallel' == 'python src/c...--no-parallel'
E         
E         Skipping 41 identical leading characters in diff, use -v to show
E         - est.csv --outdir data/processed --config config/settings.yaml --no-parallel
E         ?        ------------------------
E         + est.csv --config config/settings.yaml --no-parallel

tests/test_cli_builder.py:229: AssertionError</failure></testcase><testcase classname="tests.test_cli_builder.TestBuildCliCommand" name="test_build_cli_command_with_run_control" time="0.001"><failure message="AssertionError: assert 'python src/c...--keep-runs 5' == 'python src/c...--keep-runs 5'&#10;  &#10;  Skipping 41 identical leading characters in diff, use -v to show&#10;  - est.csv --outdir data/processed --config config/settings.yaml --no-resume --run-id custom_run_123 --keep-runs 5&#10;  ?        ------------------------&#10;  + est.csv --config config/settings.yaml --no-resume --run-id custom_run_123 --keep-runs 5">self = &lt;tests.test_cli_builder.TestBuildCliCommand object at 0x12046c3b0&gt;

[...]
classname="tests.test_scoring_penalties.TestScoringPenalties" name="test_punctuation_variants_en_dash" time="0.000" /><testcase classname="tests.test_scoring_penalties.TestScoringPenalties" name="test_punctuation_variants_smart_quotes_unit_path" time="0.000" /><testcase classname="tests.test_scoring_penalties.TestScoringPenalties" name="test_penalty_boolean_flags" time="0.000" /><testcase classname="tests.test_scoring_penalties.TestScoringPenalties" name="test_penalty_config_toggles" time="0.000" /><testcase classname="tests.test_scoring_penalties.TestScoringPenalties" name="test_multiple_penalties_combined" time="0.000" /><testcase classname="tests.test_scoring_penalties.TestScoringPenalties" name="test_penalty_edge_cases_zero_values" time="0.000" /><testcase classname="tests.test_scoring_penalties.TestScoringPenalties" name="test_punctuation_penalty_production_flow" time="0.002" /><testcase classname="tests.test_scoring_persistence.TestScoringPersistence" name="test_interim_dir_parquet_schema" time="0.000" /><testcase classname="tests.test_scoring_persistence.TestScoringPersistence" name="test_parquet_file_creation" time="0.000" /><testcase classname="tests.test_scoring_persistence.TestScoringPersistence" name="test_parquet_schema_validation" time="0.000" /><testcase classname="tests.test_scoring_persistence.TestScoringPersistence" name="test_parquet_data_integrity" time="0.000" /><testcase classname="tests.test_scoring_persistence.TestScoringPersistence" name="test_parquet_file_permissions" time="0.000" /><testcase classname="tests.test_scoring_persistence.TestScoringPersistence" name="test_parquet_file_cleanup" time="0.000" /><testcase classname="tests.test_scoring_persistence.TestScoringPersistence" name="test_interim_dir_creation" time="0.000" /><testcase classname="tests.test_scoring_persistence.TestScoringPersistence" name="test_interim_dir_permissions" time="0.000" /><testcase classname="tests.test_scoring_persistence.TestScoringPersistence" name="test_parquet_compression" time="0.000" /><testcase classname="tests.test_scoring_persistence.TestScoringPersistence" name="test_parquet_metadata" time="0.000" /><testcase classname="tests.test_scoring_persistence.TestScoringPersistence" name="test_parquet_readability" time="0.000" /><testcase classname="tests.test_scoring_persistence.TestScoringPersistence" name="test_parquet_performance" time="0.000" /><testcase classname="tests.test_scoring_robustness.TestScoringRobustness" name="test_whitespace_variants_leading_trailing" time="0.000" /><testcase classname="tests.test_scoring_robustness.TestScoringRobustness" name="test_whitespace_variants_multiple_spaces" time="0.000" /><testcase classname="tests.test_scoring_robustness.TestScoringRobustness" name="test_whitespace_variants_tabs_newlines" time="0.000" /><testcase classname="tests.test_scoring_robustness.TestScoringRobustness" name="test_empty_names_handling" time="0.000" /><testcase classname="tests.test_scoring_robustness.TestScoringRobustness" name="test_short_names_handling" time="0.000" /><testcase classname="tests.test_scoring_robustness.TestScoringRobustness" name="test_missing_suffix_class_defaulting" time="0.000" /><testcase classname="tests.test_scoring_robustness.TestScoringRobustness" name="test_unicode_smart_quotes" time="0.000" /><testcase classname="tests.test_scoring_robustness.TestScoringRobustness" name="test_unicode_en_dash_vs_hyphen" time="0.000" /><testcase classname="tests.test_scoring_robustness.TestScoringRobustness" name="test_unicode_em_dash_vs_hyphen" time="0.000" /><testcase classname="tests.test_scoring_robustness.TestScoringRobustness" name="test_unicode_curly_quotes" time="0.000" /><testcase classname="tests.test_scoring_robustness.TestScoringRobustness" name="test_unicode_accents" time="0.000" /><testcase classname="tests.test_scoring_robustness.TestScoringRobustness" name="test_unicode_special_characters" time="0.000" /><testcase classname="tests.test_scoring_robustness.TestScoringRobustness" name="test_none_input_handling" time="0.000" /><testcase classname="tests.test_scoring_robustness.TestScoringRobustness" name="test_numeric_only_names" time="0.000" /><testcase classname="tests.test_scoring_robustness.TestScoringRobustness" name="test_special_character_only_names" time="0.000" /><testcase classname="tests.test_scoring_robustness.TestScoringRobustness" name="test_very_long_names" time="0.000" /><testcase classname="tests.test_scoring_robustness.TestScoringRobustness" name="test_mixed_unicode_normalization" time="0.002" /><testcase classname="tests.test_scoring_threshold_sort.TestScoringThresholdSort" name="test_medium_threshold_filters_below_cutoff" time="0.002" /><testcase classname="tests.test_scoring_threshold_sort.TestScoringThresholdSort" name="test_gate_cutoff_boundary_behavior" time="0.001" /><testcase classname="tests.test_scoring_threshold_sort.TestScoringThresholdSort" name="test_gate_cutoff_configuration" time="0.002" /><testcase classname="tests.test_scoring_threshold_sort.TestScoringThresholdSort" name="test_stable_sort_contract_documentation" time="0.002" /><testcase classname="tests.test_scoring_threshold_sort.TestScoringThresholdSort" name="test_stable_sort_contract_specification" time="0.002" /><testcase classname="tests.test_scoring_threshold_sort.TestScoringThresholdSort" name="test_sort_determinism_contract" time="0.001" /><testcase classname="tests.test_scoring_threshold_sort.TestScoringThresholdSort" name="test_sort_stability_contract" time="0.002" /><testcase classname="tests.test_scoring_threshold_sort.TestScoringThresholdSort" name="test_threshold_edge_cases" time="0.002" /><testcase classname="tests.test_scoring_threshold_sort.TestScoringThresholdSort" name="test_sort_edge_cases" time="0.002" /><testcase classname="tests.test_scoring_threshold_sort.TestScoringThresholdSort" name="test_threshold_sort_integration" time="0.002" /><testcase classname="tests.test_similarity.TestSimilarity" name="test_candidate_pair_generation" time="0.004" /><testcase classname="tests.test_similarity.TestSimilarity" name="test_inc_vs_inc_high_score" time="0.003" /><testcase classname="tests.test_similarity.TestSimilarity" name="test_inc_vs_llc_verification_needed" time="0.003" /><testcase classname="tests.test_similarity.TestSimilarity" name="test_save_load_candidate_pairs" time="0.009" /><testcase classname="tests.test_similarity_extend_regression" name="test_list_extend_misuse_regression" time="0.000" /><testcase classname="tests.test_similarity_fix.TestSimilarityFix" name="test_99_cents_grouping_with_matching_suffixes" time="0.000" /><testcase classname="tests.test_similarity_fix.TestSimilarityFix" name="test_99_cents_grouping_with_different_suffixes" time="0.000" /><testcase classname="tests.test_similarity_fix.TestSimilarityFix" name="test_7_eleven_variants_remain_high" time="0.000" /><testcase classname="tests.test_similarity_fix.TestSimilarityFix" name="test_enhanced_normalization_features" time="0.000" /><testcase classname="tests.test_similarity_fix.TestSimilarityFix" name="test_soft_ban_denylist_still_yields_candidates" time="0.028" /><testcase classname="tests.test_similarity_fix.TestSimilarityFix" name="test_configuration_keys_exist" time="0.000" /><testcase classname="tests.test_similarity_fix.TestSimilarityFix" name="test_edge_cases" time="0.000" /><testcase classname="tests.test_similarity_fixes.TestSimilarityFixes" name="test_lowercased_block_keys_hit_allowlist" time="0.002" /><testcase classname="tests.test_similarity_fixes.TestSimilarityFixes" name="test_allowlisted_bigrams_generate_pairs" time="0.002" /><testcase classname="tests.test_similarity_fixes.TestSimilarityFixes" name="test_duplicate_pairs_are_deduped" time="0.001" /><testcase classname="tests.test_similarity_fixes.TestSimilarityFixes" name="test_diagnostics_write_to_correct_directory" time="0.002" /><testcase classname="tests.test_similarity_fixes.TestSimilarityFixes" name="test_bulk_gate_no_cdist_shape_error" time="0.003" /><testcase classname="tests.test_similarity_fixes.TestSimilarityFixes" name="test_punctuation_penalty_is_applied" time="0.000" /><testcase classname="tests.test_similarity_header_list_regression" name="test_header_list_raises_typeerror" time="0.000"><failure message="AttributeError: &lt;module 'src.similarity' from '/Users/joe.j/Documents/dev/salesforce/apps/company_junction/src/similarity/__init__.py'&gt; has no attribute '_compute_similarity_scores_parallel'">monkeypatch = &lt;_pytest.monkeypatch.MonkeyPatch object at 0x124a5f020&gt;

    def test_header_list_raises_typeerror(monkeypatch: pytest.MonkeyPatch) -&gt; None:
        def fake_parallel(*args, **kwargs):
            return ["id_a", "id_b", "score", "ratio_name", "ratio_set"]
    
&gt;       monkeypatch.setattr(sim, "_compute_similarity_scores_parallel", fake_parallel)
E       AttributeError: &lt;module 'src.similarity' from '/Users/joe.j/Documents/dev/salesforce/apps/company_junction/src/similarity/__init__.py'&gt; has no attribute '_compute_similarity_scores_parallel'

tests/test_similarity_header_list_regression.py:11: AttributeError</failure></testcase><testcase classname="tests.test_similarity_improvements.TestSimilarityImprovements" name="test_lowercased_config_tokens_hit_allowlist" time="0.001" /><testcase classname="tests.test_similarity_improvements.TestSimilarityImprovements" name="test_allowlisted_token_sharding_safety_rail" time="0.002" /><testcase classname="tests.test_similarity_improvements.TestSimilarityImprovements" name="test_allowlisted_bigram_sharding_safety_rail" time="0.003" /><testcase classname="tests.test_similarity_improvements.TestSimilarityImprovements" name="test_no_duplicate_pairs_with_bigram_and_block_overlap" time="0.001" /><testcase classname="tests.test_similarity_improvements.TestSimilarityImprovements" name="test_bigram_prepass_generates_pairs" time="0.002" /><testcase classname="tests.test_similarity_improvements.TestSimilarityImprovements" name="test_strategy_logging_includes_all_strategies" time="0.002" /><testcase classname="tests.test_similarity_refactor.TestSimilarityRefactor" name="test_pair_scores_no_mutation" time="0.003" /><testcase classname="tests.test_similarity_refactor.TestSimilarityRefactor" name="test_pair_scores_sort_order" time="0.003" /><testcase classname="tests.test_similarity_refactor.TestSimilarityRefactor" name="test_get_stop_tokens_from_config" time="0.000" /><testcase classname="tests.test_similarity_refactor.TestSimilarityRefactor" name="test_get_stop_tokens_default" time="0.000" /><testcase classname="tests.test_similarity_refactor.TestSimilarityRefactor" name="test_suffix_class_default_handling" time="0.003" /><testcase classname="tests.test_similarity_refactor.TestSimilarityRefactor" name="test_empty_dataframe_handling" time="0.001" /><testcase classname="tests.test_similarity_scores_columns" name="test_similarity_outputs_expected_columns" time="0.003" /><testcase classname="tests.test_similarity_shape_guard" name="test_shape_guard_catches_header_list" time="0.002" /><testcase classname="tests.test_sort_context_consistency.TestSortContextConsistency" name="test_order_by_and_sort_expression_consistency[Group Size (Desc)-default-group_size]" time="0.000" /><testcase classname="tests.test_sort_context_consistency.TestSortContextConsistency" name="test_order_by_and_sort_expression_consistency[Group Size (Desc)-group_details-group_size]" time="0.000" /><testcase classname="tests.test_sort_context_consistency.TestSortContextConsistency" name="test_order_by_and_sort_expression_consistency[Group Size (Asc)-default-group_size]" time="0.000" /><testcase classname="tests.test_sort_context_consistency.TestSortContextConsistency" name="test_order_by_and_sort_expression_consistency[Group Size (Asc)-group_details-group_size]" time="0.000" /><testcase classname="tests.test_sort_context_consistency.TestSortContextConsistency" name="test_order_by_and_sort_expression_consistency[Max Score (Desc)-default-max_score]" time="0.000" /><testcase classname="tests.test_sort_context_consistency.TestSortContextConsistency" name="test_order_by_and_sort_expression_consistency[Max Score (Desc)-group_details-max_score]" time="0.000" /><testcase classname="tests.test_sort_context_consistency.TestSortContextConsistency" name="test_order_by_and_sort_expression_consistency[Max Score (Asc)-default-max_score]" time="0.000" /><testcase classname="tests.test_sort_context_consistency.TestSortContextConsistency" name="test_order_by_and_sort_expression_consistency[Max Score (Asc)-group_details-max_score]" time="0.000" /><testcase classname="tests.test_sort_context_consistency.TestSortContextConsistency" name="test_order_by_and_sort_expression_consistency[Account Name (Asc)-default-primary_name]" time="0.000" /><testcase classname="tests.test_sort_context_consistency.TestSortContextConsistency" name="test_order_by_and_sort_expression_consistency[Account Name (Asc)-group_details-account_name]" time="0.000" /><testcase classname="tests.test_sort_context_consistency.TestSortContextConsistency" name="test_order_by_and_sort_expression_consistency[Account Name (Desc)-default-primary_name]" time="0.000" /><testcase classname="tests.test_sort_context_consistency.TestSortContextConsistency" name="test_order_by_and_sort_expression_consistency[Account Name (Desc)-group_details-account_name]" time="0.000" /><testcase classname="tests.test_sort_context_consistency.TestSortContextConsistency" name="test_context_aware_account_name_mapping" time="0.000" /><testcase classname="tests.test_sort_context_consistency.TestSortContextConsistency" name="test_all_sort_keys_have_consistent_mappings" time="0.000" /><testcase classname="tests.test_sort_context_consistency.TestSortContextConsistency" name="test_sort_direction_consistency" time="0.000" /><testcase classname="tests.test_sort_context_consistency.TestSortContextConsistency" name="test_tiebreaker_consistency" time="0.000" /><testcase classname="tests.test_sort_spec.TestSortSpec" name="test_sort_spec_creation" time="0.000" /><testcase classname="tests.test_sort_spec.TestResolveSort" name="test_group_size_desc" time="0.000" /><testcase classname="tests.test_sort_spec.TestResolveSort" name="test_group_size_asc" time="0.000" /><testcase classname="tests.test_sort_spec.TestResolveSort" name="test_max_score_desc" time="0.000" /><testcase classname="tests.test_sort_spec.TestResolveSort" name="test_max_score_asc" time="0.000" /><testcase classname="tests.test_sort_spec.TestResolveSort" name="test_account_name_asc" time="0.000" /><testcase classname="tests.test_sort_spec.TestResolveSort" name="test_account_name_desc" time="0.000" /><testcase classname="tests.test_sort_spec.TestResolveSort" name="test_unknown_sort_key_fallback" time="0.001" /><testcase classname="tests.test_sort_spec.TestToDuckDBOrderBy" name="test_group_size_desc_to_duckdb" time="0.000" /><testcase classname="tests.test_sort_spec.TestToDuckDBOrderBy" name="test_max_score_asc_to_duckdb" time="0.000" /><testcase classname="tests.test_sort_spec.TestToPyArrowSortBy" name="test_group_size_desc_to_pyarrow" time="0.000" /><testcase classname="tests.test_sort_spec.TestToPyArrowSortBy" name="test_max_score_asc_to_pyarrow" time="0.000" /><testcase classname="tests.test_sort_utils" name="test_build_stable_sort_key_group_size_desc" time="0.000" /><testcase classname="tests.test_sort_utils" name="test_build_stable_sort_key_group_size_asc" time="0.000" /><testcase classname="tests.test_sort_utils" name="test_build_stable_sort_key_max_score_desc" time="0.000" /><testcase classname="tests.test_sort_utils" name="test_build_stable_sort_key_max_score_asc" time="0.000" /><testcase classname="tests.test_sort_utils" name="test_build_stable_sort_key_account_name_asc" time="0.000" /><testcase classname="tests.test_sort_utils" name="test_build_stable_sort_key_account_name_desc" time="0.000" /><testcase classname="tests.test_sort_utils" name="test_build_stable_sort_key_default" time="0.000" /><testcase classname="tests.test_sort_utils" name="test_coalesce_primary_name_with_value" time="0.000" /><testcase classname="tests.test_sort_utils" name="test_coalesce_primary_name_none" time="0.000" /><testcase classname="tests.test_sort_utils" name="test_coalesce_primary_name_empty_string" time="0.000" /><testcase classname="tests.test_sort_utils" name="test_build_order_by_clause_group_size_desc" time="0.000" /><testcase classname="tests.test_sort_utils" name="test_build_order_by_clause_group_size_asc" time="0.000" /><testcase classname="tests.test_sort_utils" name="test_build_order_by_clause_max_score_desc" time="0.000" /><testcase classname="tests.test_sort_utils" name="test_build_order_by_clause_max_score_asc" time="0.000" /><testcase classname="tests.test_sort_utils" name="test_build_order_by_clause_account_name_asc" time="0.000" /><testcase classname="tests.test_sort_utils" name="test_build_order_by_clause_account_name_desc" time="0.000" /><testcase classname="tests.test_sort_utils" name="test_build_order_by_clause_default" time="0.000" /><testcase classname="tests.test_sort_utils" name="test_validate_sort_key_valid_keys" time="0.000" /><testcase classname="tests.test_sort_utils" name="test_validate_sort_key_invalid_keys" time="0.000" /><testcase classname="tests.test_sort_utils" name="test_validate_sort_key_case_sensitive" time="0.000" /><testcase classname="tests.test_state_utils" name="test_page_state_defaults" time="0.000" /><testcase classname="tests.test_state_utils" name="test_backend_state_defaults" time="0.000" /><testcase classname="tests.test_state_utils" name="test_details_state_defaults" time="0.000" /><testcase classname="tests.test_state_utils" name="test_explain_state_defaults" time="0.000" /><testcase classname="tests.test_state_utils" name="test_aliases_state_defaults" time="0.000" /><testcase classname="tests.test_state_utils" name="test_filters_state_defaults" time="0.000" /><testcase classname="tests.test_state_utils" name="test_cache_state_defaults" time="0.000" /><testcase classname="tests.test_state_utils" name="test_get_set_page_state" time="0.000" /><testcase classname="tests.test_state_utils" name="test_get_set_backend_state" time="0.000" /><testcase classname="tests.test_state_utils" name="test_get_set_details_state" time="0.000" /><testcase classname="tests.test_state_utils" name="test_get_set_explain_state" time="0.000" /><testcase classname="tests.test_state_utils" name="test_get_set_aliases_state" time="0.000" /><testcase classname="tests.test_state_utils" name="test_get_set_filters_state" time="0.000" /><testcase classname="tests.test_state_utils" name="test_get_set_cache_state" time="0.000" /><testcase classname="tests.test_state_utils" name="test_migrate_legacy_keys" time="0.000" /><testcase classname="tests.test_state_utils" name="test_clear_legacy_keys" time="0.000" /><testcase classname="tests.test_survivorship_equivalence.TestSurvivorshipEquivalence" name="test_singleton_groups_identical" time="0.012" /><testcase classname="tests.test_survivorship_equivalence.TestSurvivorshipEquivalence" name="test_multi_record_groups_identical" time="0.013" /><testcase classname="tests.test_survivorship_equivalence.TestSurvivorshipEquivalence" name="test_unassigned_groups_skipped" time="0.012" /><testcase classname="tests.test_survivorship_equivalence.TestSurvivorshipEquivalence" name="test_relationship_ranking_identical" time="0.011" /><testcase classname="tests.test_survivorship_equivalence.TestSurvivorshipEquivalence" name="test_tie_breaker_logic_identical" time="0.011" /><testcase classname="tests.test_survivorship_equivalence.TestSurvivorshipEquivalence" name="test_unknown_relationship_default_rank" time="0.006" /><testcase classname="tests.test_survivorship_equivalence.TestSurvivorshipEquivalence" name="test_feature_flag_control" time="0.012" /><testcase classname="tests.test_survivorship_equivalence.TestSurvivorshipEquivalence" name="test_deterministic_results" time="0.016" /></testsuite></testsuites>