setup.py:5: error: Library stubs not installed for "setuptools"  [import-untyped]
setup.py:5: note: Hint: "python3 -m pip install types-setuptools"
setup.py:5: note: (or run "mypy --install-types" to install all missing stub packages)
src/utils/perf_utils.py:69: error: Cannot find implementation or library stub for module named "orjson"  [import-not-found]
src/utils/perf_utils.py:71: error: Unused "type: ignore" comment  [unused-ignore]
src/utils/parquet_size_reporter.py:57: error: Skipping analyzing "pyarrow.parquet": module is installed, but missing library stubs or py.typed marker  [import-untyped]
src/utils/parquet_size_reporter.py:57: error: Skipping analyzing "pyarrow": module is installed, but missing library stubs or py.typed marker  [import-untyped]
src/utils/filtering.py:137: error: Skipping analyzing "pyarrow": module is installed, but missing library stubs or py.typed marker  [import-untyped]
src/utils/filtering.py:138: error: Skipping analyzing "pyarrow.compute": module is installed, but missing library stubs or py.typed marker  [import-untyped]
tests/test_scoring_output_persistence.py:161: error: Need type annotation for "candidate_pairs" (hint: "candidate_pairs: list[<type>] = ...")  [var-annotated]
tests/test_scoring_degenerate.py:67: error: Need type annotation for "candidate_pairs" (hint: "candidate_pairs: list[<type>] = ...")  [var-annotated]
tests/test_scoring_degenerate.py:90: error: Need type annotation for "candidate_pairs" (hint: "candidate_pairs: list[<type>] = ...")  [var-annotated]
tests/test_scoring_degenerate.py:98: error: Argument 3 to "assert_frame_equal" has incompatible type "Literal['DataFrame should not be mutated with empty candidates']"; expected "bool | Literal['equiv']"  [arg-type]
tests/test_scoring_degenerate.py:109: error: Need type annotation for "candidate_pairs" (hint: "candidate_pairs: list[<type>] = ...")  [var-annotated]
tests/test_scoring_degenerate.py:135: error: Argument 1 to "compute_score_components" has incompatible type "None"; expected "str"  [arg-type]
tests/test_duckdb_group_stats_phase1354.py:154: error: Name "temp_dir" is not defined  [name-defined]
tests/test_duckdb_group_stats_phase1354.py:200: error: Name "temp_dir" is not defined  [name-defined]
tests/test_duckdb_group_stats_phase1354.py:207: error: Name "temp_dir" is not defined  [name-defined]
tests/test_duckdb_group_stats_phase1354.py:282: error: Name "temp_dir" is not defined  [name-defined]
tests/test_duckdb_group_stats_phase1354.py:344: error: Name "temp_dir" is not defined  [name-defined]
src/survivorship.py:45: error: Cannot find implementation or library stub for module named "pyinstrument"  [import-not-found]
src/survivorship.py:518: error: Cannot find implementation or library stub for module named "orjson"  [import-not-found]
src/grouping.py:166: error: Cannot find implementation or library stub for module named "pyinstrument"  [import-not-found]
src/similarity/__init__.py:53: error: Cannot find implementation or library stub for module named "pyinstrument"  [import-not-found]
src/similarity/__init__.py:53: note: See https://mypy.readthedocs.io/en/stable/running_mypy.html#missing-imports
tests/test_scoring_logging.py:70: error: Need type annotation for "candidate_pairs" (hint: "candidate_pairs: list[<type>] = ...")  [var-annotated]
src/utils/group_pagination.py:115: error: Skipping analyzing "pyarrow.parquet": module is installed, but missing library stubs or py.typed marker  [import-untyped]
src/utils/group_pagination.py:115: error: Skipping analyzing "pyarrow": module is installed, but missing library stubs or py.typed marker  [import-untyped]
src/utils/group_details.py:75: error: Skipping analyzing "pyarrow.parquet": module is installed, but missing library stubs or py.typed marker  [import-untyped]
src/utils/group_details.py:75: error: Skipping analyzing "pyarrow": module is installed, but missing library stubs or py.typed marker  [import-untyped]
src/utils/group_details.py:396: error: Skipping analyzing "pyarrow.compute": module is installed, but missing library stubs or py.typed marker  [import-untyped]
tests/test_groups_pagination.py:11: error: Skipping analyzing "pyarrow": module is installed, but missing library stubs or py.typed marker  [import-untyped]
tests/contracts/test_parquet_contracts.py:13: error: Skipping analyzing "pyarrow": module is installed, but missing library stubs or py.typed marker  [import-untyped]
tests/contracts/test_parquet_contracts.py:14: error: Skipping analyzing "pyarrow.parquet": module is installed, but missing library stubs or py.typed marker  [import-untyped]
Found 31 errors in 15 files (checked 169 source files)
